Loading file:
/home/leandrop.lx/EESSactive/DL_25km2_nadir_50_4operadoras_analise_parametrica/sharc/input/parameters_DL_25km2_nadir_50_4operadoras_analise_parametrica.ini

IMT:
	interfered with: False
	direction: DOWNLINK
	frequency: 10.050 GHz
	bandwidth: 100 MHz
	spurious emissions: -13 dBm/MHz
	topology: HOTSPOT
	path loss model: UMi
EESS_PASSIVE:
	frequency: 10.050 GHz
	bandwidth: 100 MHz
	path loss model: P619
	antenna pattern: ITU-R RS.2043

Simulation is running...
Snapshot #10
Snapshot #20
Snapshot #30
Snapshot #40
Snapshot #50
Snapshot #60
Snapshot #70
Snapshot #80
Snapshot #90
Snapshot #100
Snapshot #110
Snapshot #120
Snapshot #130
Snapshot #140
Snapshot #150
Snapshot #160
Snapshot #170
Snapshot #180
Snapshot #190
Snapshot #200
Snapshot #210
Snapshot #220
Snapshot #230
Snapshot #240
Snapshot #250
Snapshot #260
Snapshot #270
Snapshot #280
Snapshot #290
Snapshot #300
Snapshot #310
Snapshot #320
Snapshot #330
Snapshot #340
Snapshot #350
Snapshot #360
Snapshot #370
Snapshot #380
Snapshot #390
Snapshot #400
Snapshot #410
Snapshot #420
Snapshot #430
Snapshot #440
Snapshot #450
Snapshot #460
Snapshot #470
Snapshot #480
Snapshot #490
Snapshot #500
Snapshot #510
Snapshot #520
Snapshot #530
Snapshot #540
Snapshot #550
Snapshot #560
Snapshot #570
Snapshot #580
Snapshot #590
Snapshot #600
Snapshot #610
Snapshot #620
Snapshot #630
Snapshot #640
Snapshot #650
Snapshot #660
Snapshot #670
Snapshot #680
Snapshot #690
Snapshot #700
Snapshot #710
Snapshot #720
Snapshot #730
Snapshot #740
Snapshot #750
Snapshot #760
Snapshot #770
Snapshot #780
Snapshot #790
Snapshot #800
Snapshot #810
Snapshot #820
Snapshot #830
Snapshot #840
Snapshot #850
Snapshot #860
Snapshot #870
Snapshot #880
Snapshot #890
Snapshot #900
Snapshot #910
Snapshot #920
Snapshot #930
Snapshot #940
Snapshot #950
Snapshot #960
Snapshot #970
Snapshot #980
Snapshot #990
Snapshot #1000
Snapshot #1010
Snapshot #1020
Snapshot #1030
Snapshot #1040
Snapshot #1050
Snapshot #1060
Snapshot #1070
Snapshot #1080
Snapshot #1090
Snapshot #1100
Snapshot #1110
Snapshot #1120
Snapshot #1130
Snapshot #1140
Snapshot #1150
Snapshot #1160
Snapshot #1170
Snapshot #1180
Snapshot #1190
Snapshot #1200
Snapshot #1210
Snapshot #1220
Snapshot #1230
Snapshot #1240
Snapshot #1250
Snapshot #1260
Snapshot #1270
Snapshot #1280
Snapshot #1290
Snapshot #1300
Snapshot #1310
Snapshot #1320
Snapshot #1330
Snapshot #1340
Snapshot #1350
Snapshot #1360
Snapshot #1370
Snapshot #1380
Snapshot #1390
Snapshot #1400
Snapshot #1410
Snapshot #1420
Snapshot #1430
Snapshot #1440
Snapshot #1450
Snapshot #1460
Snapshot #1470
Snapshot #1480
Snapshot #1490
Snapshot #1500
Snapshot #1510
Snapshot #1520
Snapshot #1530
Snapshot #1540
Snapshot #1550
Snapshot #1560
Snapshot #1570
Snapshot #1580
Snapshot #1590
Snapshot #1600
Snapshot #1610
Snapshot #1620
Snapshot #1630
Snapshot #1640
Snapshot #1650
Snapshot #1660
Snapshot #1670
Snapshot #1680
Snapshot #1690
Snapshot #1700
Snapshot #1710
Snapshot #1720
Snapshot #1730
Snapshot #1740
Snapshot #1750
Snapshot #1760
Snapshot #1770
Snapshot #1780
Snapshot #1790
Snapshot #1800
Snapshot #1810
Snapshot #1820
Snapshot #1830
Snapshot #1840
Snapshot #1850
Snapshot #1860
Snapshot #1870
Snapshot #1880
Snapshot #1890
Snapshot #1900
Snapshot #1910
Snapshot #1920
Snapshot #1930
Snapshot #1940
Snapshot #1950
Snapshot #1960
Snapshot #1970
Snapshot #1980
Snapshot #1990
Snapshot #2000
Snapshot #2010
Snapshot #2020
Snapshot #2030
Snapshot #2040
Snapshot #2050
Snapshot #2060
Snapshot #2070
Snapshot #2080
Snapshot #2090
Snapshot #2100
Snapshot #2110
Snapshot #2120
Snapshot #2130
Snapshot #2140
Snapshot #2150
Snapshot #2160
Snapshot #2170
Snapshot #2180
Snapshot #2190
Snapshot #2200
Snapshot #2210
Snapshot #2220
Snapshot #2230
Snapshot #2240
Snapshot #2250
Snapshot #2260
Snapshot #2270
Snapshot #2280
Snapshot #2290
Snapshot #2300
Snapshot #2310
Snapshot #2320
Snapshot #2330
Snapshot #2340
Snapshot #2350
Snapshot #2360
Snapshot #2370
Snapshot #2380
Snapshot #2390
Snapshot #2400
Snapshot #2410
Snapshot #2420
Snapshot #2430
Snapshot #2440
Snapshot #2450
Snapshot #2460
Snapshot #2470
Snapshot #2480
Snapshot #2490
Snapshot #2500
Snapshot #2510
Snapshot #2520
Snapshot #2530
Snapshot #2540
Snapshot #2550
Snapshot #2560
Snapshot #2570
Snapshot #2580
Snapshot #2590
Snapshot #2600
Snapshot #2610
Snapshot #2620
Snapshot #2630
Snapshot #2640
Snapshot #2650
Snapshot #2660
Snapshot #2670
Snapshot #2680
Snapshot #2690
Snapshot #2700
Snapshot #2710
Snapshot #2720
Snapshot #2730
Snapshot #2740
Snapshot #2750
Snapshot #2760
Snapshot #2770
Snapshot #2780
Snapshot #2790
Snapshot #2800
Snapshot #2810
Snapshot #2820
Snapshot #2830
Snapshot #2840
Snapshot #2850
Snapshot #2860
Snapshot #2870
Snapshot #2880
Snapshot #2890
Snapshot #2900
Snapshot #2910
Snapshot #2920
Snapshot #2930
Snapshot #2940
Snapshot #2950
Snapshot #2960
Snapshot #2970
Snapshot #2980
Snapshot #2990
Snapshot #3000
Snapshot #3010
Snapshot #3020
Snapshot #3030
Snapshot #3040
Snapshot #3050
Snapshot #3060
Snapshot #3070
Snapshot #3080
Snapshot #3090
Snapshot #3100
Snapshot #3110
Snapshot #3120
Snapshot #3130
Snapshot #3140
Snapshot #3150
Snapshot #3160
Snapshot #3170
Snapshot #3180
Snapshot #3190
Snapshot #3200
Snapshot #3210
Snapshot #3220
Snapshot #3230
Snapshot #3240
Snapshot #3250
Snapshot #3260
Snapshot #3270
Snapshot #3280
Snapshot #3290
Snapshot #3300
Snapshot #3310
Snapshot #3320
Snapshot #3330
Snapshot #3340
Snapshot #3350
Snapshot #3360
Snapshot #3370
Snapshot #3380
Snapshot #3390
Snapshot #3400
Snapshot #3410
Snapshot #3420
Snapshot #3430
Snapshot #3440
Snapshot #3450
Snapshot #3460
Snapshot #3470
Snapshot #3480
Snapshot #3490
Snapshot #3500
Snapshot #3510
Snapshot #3520
Snapshot #3530
Snapshot #3540
Snapshot #3550
Snapshot #3560
Snapshot #3570
Snapshot #3580
Snapshot #3590
Snapshot #3600
Snapshot #3610
Snapshot #3620
Snapshot #3630
Snapshot #3640
Snapshot #3650
Snapshot #3660
Snapshot #3670
Snapshot #3680
Snapshot #3690
Snapshot #3700
Snapshot #3710
Snapshot #3720
Snapshot #3730
Snapshot #3740
Snapshot #3750
Snapshot #3760
Snapshot #3770
Snapshot #3780
Snapshot #3790
Snapshot #3800
Snapshot #3810
Snapshot #3820
Snapshot #3830
Snapshot #3840
Snapshot #3850
Snapshot #3860
Snapshot #3870
Snapshot #3880
Snapshot #3890
Snapshot #3900
Snapshot #3910
Snapshot #3920
Snapshot #3930
Snapshot #3940
Snapshot #3950
Snapshot #3960
Snapshot #3970
Snapshot #3980
Snapshot #3990
Snapshot #4000
Snapshot #4010
Snapshot #4020
Snapshot #4030
Snapshot #4040
Snapshot #4050
Snapshot #4060
Snapshot #4070
Snapshot #4080
Snapshot #4090
Snapshot #4100
Snapshot #4110
Snapshot #4120
Snapshot #4130
Snapshot #4140
Snapshot #4150
Snapshot #4160
Snapshot #4170
Snapshot #4180
Snapshot #4190
Snapshot #4200
Snapshot #4210
Snapshot #4220
Snapshot #4230
Snapshot #4240
Snapshot #4250
Snapshot #4260
Snapshot #4270
Snapshot #4280
Snapshot #4290
Snapshot #4300
Snapshot #4310
Snapshot #4320
Snapshot #4330
Snapshot #4340
Snapshot #4350
Snapshot #4360
Snapshot #4370
Snapshot #4380
Snapshot #4390
Snapshot #4400
Snapshot #4410
Snapshot #4420
Snapshot #4430
Snapshot #4440
Snapshot #4450
Snapshot #4460
Snapshot #4470
Snapshot #4480
Snapshot #4490
Snapshot #4500
Snapshot #4510
Snapshot #4520
Snapshot #4530
Snapshot #4540
Snapshot #4550
Snapshot #4560
Snapshot #4570
Snapshot #4580
Snapshot #4590
Snapshot #4600
Snapshot #4610
Snapshot #4620
Snapshot #4630
Snapshot #4640
Snapshot #4650
Snapshot #4660
Snapshot #4670
Snapshot #4680
Snapshot #4690
Snapshot #4700
Snapshot #4710
Snapshot #4720
Snapshot #4730
Snapshot #4740
Snapshot #4750
Snapshot #4760
Snapshot #4770
Snapshot #4780
Snapshot #4790
Snapshot #4800
Snapshot #4810
Snapshot #4820
Snapshot #4830
Snapshot #4840
Snapshot #4850
Snapshot #4860
Snapshot #4870
Snapshot #4880
Snapshot #4890
Snapshot #4900
Snapshot #4910
Snapshot #4920
Snapshot #4930
Snapshot #4940
Snapshot #4950
Snapshot #4960
Snapshot #4970
Snapshot #4980
Snapshot #4990
Snapshot #5000
Snapshot #5010
Snapshot #5020
Snapshot #5030
Snapshot #5040
Snapshot #5050
Snapshot #5060
Snapshot #5070
Snapshot #5080
Snapshot #5090
Snapshot #5100
Snapshot #5110
Snapshot #5120
Snapshot #5130
Snapshot #5140
Snapshot #5150
Snapshot #5160
Snapshot #5170
Snapshot #5180
Snapshot #5190
Snapshot #5200
Snapshot #5210
Snapshot #5220
Snapshot #5230
Snapshot #5240
Snapshot #5250
Snapshot #5260
Snapshot #5270
Snapshot #5280
Snapshot #5290
Snapshot #5300
Snapshot #5310
Snapshot #5320
Snapshot #5330
Snapshot #5340
Snapshot #5350
Snapshot #5360
Snapshot #5370
Snapshot #5380
Snapshot #5390
Snapshot #5400
Snapshot #5410
Snapshot #5420
Snapshot #5430
Snapshot #5440
Snapshot #5450
Snapshot #5460
Snapshot #5470
Snapshot #5480
Snapshot #5490
Snapshot #5500
Snapshot #5510
Snapshot #5520
Snapshot #5530
Snapshot #5540
Snapshot #5550
Snapshot #5560
Snapshot #5570
Snapshot #5580
Snapshot #5590
Snapshot #5600
Snapshot #5610
Snapshot #5620
Snapshot #5630
Snapshot #5640
Snapshot #5650
Snapshot #5660
Snapshot #5670
Snapshot #5680
Snapshot #5690
Snapshot #5700
Snapshot #5710
Snapshot #5720
Snapshot #5730
Snapshot #5740
Snapshot #5750
Snapshot #5760
Snapshot #5770
Snapshot #5780
Snapshot #5790
Snapshot #5800
Snapshot #5810
Snapshot #5820
Snapshot #5830
Snapshot #5840
Snapshot #5850
Snapshot #5860
Snapshot #5870
Snapshot #5880
Snapshot #5890
Snapshot #5900
Snapshot #5910
Snapshot #5920
Snapshot #5930
Snapshot #5940
Snapshot #5950
Snapshot #5960
Snapshot #5970
Snapshot #5980
Snapshot #5990
Snapshot #6000
Snapshot #6010
Snapshot #6020
Snapshot #6030
Snapshot #6040
Snapshot #6050
Snapshot #6060
Snapshot #6070
Snapshot #6080
Snapshot #6090
Snapshot #6100
Snapshot #6110
Snapshot #6120
Snapshot #6130
Snapshot #6140
Snapshot #6150
Snapshot #6160
Snapshot #6170
Snapshot #6180
Snapshot #6190
Snapshot #6200
Snapshot #6210
Snapshot #6220
Snapshot #6230
Snapshot #6240
Snapshot #6250
Snapshot #6260
Snapshot #6270
Snapshot #6280
Snapshot #6290
Snapshot #6300
Snapshot #6310
Snapshot #6320
Snapshot #6330
Snapshot #6340
Snapshot #6350
Snapshot #6360
Snapshot #6370
Snapshot #6380
Snapshot #6390
Snapshot #6400
Snapshot #6410
Snapshot #6420
Snapshot #6430
Snapshot #6440
Snapshot #6450
Snapshot #6460
Snapshot #6470
Snapshot #6480
Snapshot #6490
Snapshot #6500
Snapshot #6510
Snapshot #6520
Snapshot #6530
Snapshot #6540
Snapshot #6550
Snapshot #6560
Snapshot #6570
Snapshot #6580
Snapshot #6590
Snapshot #6600
Snapshot #6610
Snapshot #6620
Snapshot #6630
Snapshot #6640
Snapshot #6650
Snapshot #6660
Snapshot #6670
Snapshot #6680
Snapshot #6690
Snapshot #6700
Snapshot #6710
Snapshot #6720
Snapshot #6730
Snapshot #6740
Snapshot #6750
Snapshot #6760
Snapshot #6770
Snapshot #6780
Snapshot #6790
Snapshot #6800
Snapshot #6810
Snapshot #6820
Snapshot #6830
Snapshot #6840
Snapshot #6850
Snapshot #6860
Snapshot #6870
Snapshot #6880
Snapshot #6890
Snapshot #6900
Snapshot #6910
Snapshot #6920
Snapshot #6930
Snapshot #6940
Snapshot #6950
Snapshot #6960
Snapshot #6970
Snapshot #6980
Snapshot #6990
Snapshot #7000
Snapshot #7010
Snapshot #7020
Snapshot #7030
Snapshot #7040
Snapshot #7050
Snapshot #7060
Snapshot #7070
Snapshot #7080
Snapshot #7090
Snapshot #7100
Snapshot #7110
Snapshot #7120
Snapshot #7130
Snapshot #7140
Snapshot #7150
Snapshot #7160
Snapshot #7170
Snapshot #7180
Snapshot #7190
Snapshot #7200
Snapshot #7210
Snapshot #7220
Snapshot #7230
Snapshot #7240
Snapshot #7250
Snapshot #7260
Snapshot #7270
Snapshot #7280
Snapshot #7290
Snapshot #7300
Snapshot #7310
Snapshot #7320
Snapshot #7330
Snapshot #7340
Snapshot #7350
Snapshot #7360
Snapshot #7370
Snapshot #7380
Snapshot #7390
Snapshot #7400
Snapshot #7410
Snapshot #7420
Snapshot #7430
Snapshot #7440
Snapshot #7450
Snapshot #7460
Snapshot #7470
Snapshot #7480
Snapshot #7490
Snapshot #7500
Snapshot #7510
Snapshot #7520
Snapshot #7530
Snapshot #7540
Snapshot #7550
Snapshot #7560
Snapshot #7570
Snapshot #7580
Snapshot #7590
Snapshot #7600
Snapshot #7610
Snapshot #7620
Snapshot #7630
Snapshot #7640
Snapshot #7650
Snapshot #7660
Snapshot #7670
Snapshot #7680
Snapshot #7690
Snapshot #7700
Snapshot #7710
Snapshot #7720
Snapshot #7730
Snapshot #7740
Snapshot #7750
Snapshot #7760
Snapshot #7770
Snapshot #7780
Snapshot #7790
Snapshot #7800
Snapshot #7810
Snapshot #7820
Snapshot #7830
Snapshot #7840
Snapshot #7850
Snapshot #7860
Snapshot #7870
Snapshot #7880
Snapshot #7890
Snapshot #7900
Snapshot #7910
Snapshot #7920
Snapshot #7930
Snapshot #7940
Snapshot #7950
Snapshot #7960
Snapshot #7970
Snapshot #7980
Snapshot #7990
Snapshot #8000
Snapshot #8010
Snapshot #8020
Snapshot #8030
Snapshot #8040
Snapshot #8050
Snapshot #8060
Snapshot #8070
Snapshot #8080
Snapshot #8090
Snapshot #8100
Snapshot #8110
Snapshot #8120
Snapshot #8130
Snapshot #8140
Snapshot #8150
Snapshot #8160
Snapshot #8170
Snapshot #8180
Snapshot #8190
Snapshot #8200
Snapshot #8210
Snapshot #8220
Snapshot #8230
Snapshot #8240
Snapshot #8250
Snapshot #8260
Snapshot #8270
Snapshot #8280
Snapshot #8290
Snapshot #8300
Snapshot #8310
Snapshot #8320
Snapshot #8330
Snapshot #8340
Snapshot #8350
Snapshot #8360
Snapshot #8370
Snapshot #8380
Snapshot #8390
Snapshot #8400
Snapshot #8410
Snapshot #8420
Snapshot #8430
Snapshot #8440
Snapshot #8450
Snapshot #8460
Snapshot #8470
Snapshot #8480
Snapshot #8490
Snapshot #8500
Snapshot #8510
Snapshot #8520
Snapshot #8530
Snapshot #8540
Snapshot #8550
Snapshot #8560
Snapshot #8570
Snapshot #8580
Snapshot #8590
Snapshot #8600
Snapshot #8610
Snapshot #8620
Snapshot #8630
Snapshot #8640
Snapshot #8650
Snapshot #8660
Snapshot #8670
Snapshot #8680
Snapshot #8690
Snapshot #8700
Snapshot #8710
Snapshot #8720
Snapshot #8730
Snapshot #8740
Snapshot #8750
Snapshot #8760
Snapshot #8770
Snapshot #8780
Snapshot #8790
Snapshot #8800
Snapshot #8810
Snapshot #8820
Snapshot #8830
Snapshot #8840
Snapshot #8850
Snapshot #8860
Snapshot #8870
Snapshot #8880
Snapshot #8890
Snapshot #8900
Snapshot #8910
Snapshot #8920
Snapshot #8930
Snapshot #8940
Snapshot #8950
Snapshot #8960
Snapshot #8970
Snapshot #8980
Snapshot #8990
Snapshot #9000
Snapshot #9010
Snapshot #9020
Snapshot #9030
Snapshot #9040
Snapshot #9050
Snapshot #9060
Snapshot #9070
Snapshot #9080
Snapshot #9090
Snapshot #9100
Snapshot #9110
Snapshot #9120
Snapshot #9130
Snapshot #9140
Snapshot #9150
Snapshot #9160
Snapshot #9170
Snapshot #9180
Snapshot #9190
Snapshot #9200
Snapshot #9210
Snapshot #9220
Snapshot #9230
Snapshot #9240
Snapshot #9250
Snapshot #9260
Snapshot #9270
Snapshot #9280
Snapshot #9290
Snapshot #9300
Snapshot #9310
Snapshot #9320
Snapshot #9330
Snapshot #9340
Snapshot #9350
Snapshot #9360
Snapshot #9370
Snapshot #9380
Snapshot #9390
Snapshot #9400
Snapshot #9410
Snapshot #9420
Snapshot #9430
Snapshot #9440
Snapshot #9450
Snapshot #9460
Snapshot #9470
Snapshot #9480
Snapshot #9490
Snapshot #9500
Snapshot #9510
Snapshot #9520
Snapshot #9530
Snapshot #9540
Snapshot #9550
Snapshot #9560
Snapshot #9570
Snapshot #9580
Snapshot #9590
Snapshot #9600
Snapshot #9610
Snapshot #9620
Snapshot #9630
Snapshot #9640
Snapshot #9650
Snapshot #9660
Snapshot #9670
Snapshot #9680
Snapshot #9690
Snapshot #9700
Snapshot #9710
Snapshot #9720
Snapshot #9730
Snapshot #9740
Snapshot #9750
Snapshot #9760
Snapshot #9770
Snapshot #9780
Snapshot #9790
Snapshot #9800
Snapshot #9810
Snapshot #9820
Snapshot #9830
Snapshot #9840
Snapshot #9850
Snapshot #9860
Snapshot #9870
Snapshot #9880
Snapshot #9890
Snapshot #9900
Snapshot #9910
Snapshot #9920
Snapshot #9930
Snapshot #9940
Snapshot #9950
Snapshot #9960
Snapshot #9970
Snapshot #9980
Snapshot #9990
Snapshot #10000
Snapshot #10010
Snapshot #10020
Snapshot #10030
Snapshot #10040
Snapshot #10050
Snapshot #10060
Snapshot #10070
Snapshot #10080
Snapshot #10090
Snapshot #10100
Snapshot #10110
Snapshot #10120
Snapshot #10130
Snapshot #10140
Snapshot #10150
Snapshot #10160
Snapshot #10170
Snapshot #10180
Snapshot #10190
Snapshot #10200
Snapshot #10210
Snapshot #10220
Snapshot #10230
Snapshot #10240
Snapshot #10250
Snapshot #10260
Snapshot #10270
Snapshot #10280
Snapshot #10290
Snapshot #10300
Snapshot #10310
Snapshot #10320
Snapshot #10330
Snapshot #10340
Snapshot #10350
Snapshot #10360
Snapshot #10370
Snapshot #10380
Snapshot #10390
Snapshot #10400
Snapshot #10410
Snapshot #10420
Snapshot #10430
Snapshot #10440
Snapshot #10450
Snapshot #10460
Snapshot #10470
Snapshot #10480
Snapshot #10490
Snapshot #10500
Snapshot #10510
Snapshot #10520
Snapshot #10530
Snapshot #10540
Snapshot #10550
Snapshot #10560
Snapshot #10570
Snapshot #10580
Snapshot #10590
Snapshot #10600
Snapshot #10610
Snapshot #10620
Snapshot #10630
Snapshot #10640
Snapshot #10650
Snapshot #10660
Snapshot #10670
Snapshot #10680
Snapshot #10690
Snapshot #10700
Snapshot #10710
Snapshot #10720
Snapshot #10730
Snapshot #10740
Snapshot #10750
Snapshot #10760
Snapshot #10770
Snapshot #10780
Snapshot #10790
Snapshot #10800
Snapshot #10810
Snapshot #10820
Snapshot #10830
Snapshot #10840
Snapshot #10850
Snapshot #10860
Snapshot #10870
Snapshot #10880
Snapshot #10890
Snapshot #10900
Snapshot #10910
Snapshot #10920
Snapshot #10930
Snapshot #10940
Snapshot #10950
Snapshot #10960
Snapshot #10970
Snapshot #10980
Snapshot #10990
Snapshot #11000
Snapshot #11010
Snapshot #11020
Snapshot #11030
Snapshot #11040
Snapshot #11050
Snapshot #11060
Snapshot #11070
Snapshot #11080
Snapshot #11090
Snapshot #11100
Snapshot #11110
Snapshot #11120
Snapshot #11130
Snapshot #11140
Snapshot #11150
Snapshot #11160
Snapshot #11170
Snapshot #11180
Snapshot #11190
Snapshot #11200
Snapshot #11210
Snapshot #11220
Snapshot #11230
Snapshot #11240
Snapshot #11250
Snapshot #11260
Snapshot #11270
Snapshot #11280
Snapshot #11290
Snapshot #11300
Snapshot #11310
Snapshot #11320
Snapshot #11330
Snapshot #11340
Snapshot #11350
Snapshot #11360
Snapshot #11370
Snapshot #11380
Snapshot #11390
Snapshot #11400
Snapshot #11410
Snapshot #11420
Snapshot #11430
Snapshot #11440
Snapshot #11450
Snapshot #11460
Snapshot #11470
Snapshot #11480
Snapshot #11490
Snapshot #11500
Snapshot #11510
Snapshot #11520
Snapshot #11530
Snapshot #11540
Snapshot #11550
Snapshot #11560
Snapshot #11570
Snapshot #11580
Snapshot #11590
Snapshot #11600
Snapshot #11610
Snapshot #11620
Snapshot #11630
Snapshot #11640
Snapshot #11650
Snapshot #11660
Snapshot #11670
Snapshot #11680
Snapshot #11690
Snapshot #11700
Snapshot #11710
Snapshot #11720
Snapshot #11730
Snapshot #11740
Snapshot #11750
Snapshot #11760
Snapshot #11770
Snapshot #11780
Snapshot #11790
Snapshot #11800
Snapshot #11810
Snapshot #11820
Snapshot #11830
Snapshot #11840
Snapshot #11850
Snapshot #11860
Snapshot #11870
Snapshot #11880
Snapshot #11890
Snapshot #11900
Snapshot #11910
Snapshot #11920
Snapshot #11930
Snapshot #11940
Snapshot #11950
Snapshot #11960
Snapshot #11970
Snapshot #11980
Snapshot #11990
Snapshot #12000
Snapshot #12010
Snapshot #12020
Snapshot #12030
Snapshot #12040
Snapshot #12050
Snapshot #12060
Snapshot #12070
Snapshot #12080
Snapshot #12090
Snapshot #12100
Snapshot #12110
Snapshot #12120
Snapshot #12130
Snapshot #12140
Snapshot #12150
Snapshot #12160
Snapshot #12170
Snapshot #12180
Snapshot #12190
Snapshot #12200
Snapshot #12210
Snapshot #12220
Snapshot #12230
Snapshot #12240
Snapshot #12250
Snapshot #12260
Snapshot #12270
Snapshot #12280
Snapshot #12290
Snapshot #12300
Snapshot #12310
Snapshot #12320
Snapshot #12330
Snapshot #12340
Snapshot #12350
Snapshot #12360
Snapshot #12370
Snapshot #12380
Snapshot #12390
Snapshot #12400
Snapshot #12410
Snapshot #12420
Snapshot #12430
Snapshot #12440
Snapshot #12450
Snapshot #12460
Snapshot #12470
Snapshot #12480
Snapshot #12490
Snapshot #12500
Snapshot #12510
Snapshot #12520
Snapshot #12530
Snapshot #12540
Snapshot #12550
Snapshot #12560
Snapshot #12570
Snapshot #12580
Snapshot #12590
Snapshot #12600
Snapshot #12610
Snapshot #12620
Snapshot #12630
Snapshot #12640
Snapshot #12650
Snapshot #12660
Snapshot #12670
Snapshot #12680
Snapshot #12690
Snapshot #12700
Snapshot #12710
Snapshot #12720
Snapshot #12730
Snapshot #12740
Snapshot #12750
Snapshot #12760
Snapshot #12770
Snapshot #12780
Snapshot #12790
Snapshot #12800
Snapshot #12810
Snapshot #12820
Snapshot #12830
Snapshot #12840
Snapshot #12850
Snapshot #12860
Snapshot #12870
Snapshot #12880
Snapshot #12890
Snapshot #12900
Snapshot #12910
Snapshot #12920
Snapshot #12930
Snapshot #12940
Snapshot #12950
Snapshot #12960
Snapshot #12970
Snapshot #12980
Snapshot #12990
Snapshot #13000
Snapshot #13010
Snapshot #13020
Snapshot #13030
Snapshot #13040
Snapshot #13050
Snapshot #13060
Snapshot #13070
Snapshot #13080
Snapshot #13090
Snapshot #13100
Snapshot #13110
Snapshot #13120
Snapshot #13130
Snapshot #13140
Snapshot #13150
Snapshot #13160
Snapshot #13170
Snapshot #13180
Snapshot #13190
Snapshot #13200
Snapshot #13210
Snapshot #13220
Snapshot #13230
Snapshot #13240
Snapshot #13250
Snapshot #13260
Snapshot #13270
Snapshot #13280
Snapshot #13290
Snapshot #13300
Snapshot #13310
Snapshot #13320
Snapshot #13330
Snapshot #13340
Snapshot #13350
Snapshot #13360
Snapshot #13370
Snapshot #13380
Snapshot #13390
Snapshot #13400
Snapshot #13410
Snapshot #13420
Snapshot #13430
Snapshot #13440
Snapshot #13450
Snapshot #13460
Snapshot #13470
Snapshot #13480
Snapshot #13490
Snapshot #13500
Snapshot #13510
Snapshot #13520
Snapshot #13530
Snapshot #13540
Snapshot #13550
Snapshot #13560
Snapshot #13570
Snapshot #13580
Snapshot #13590
Snapshot #13600
Snapshot #13610
Snapshot #13620
Snapshot #13630
Snapshot #13640
Snapshot #13650
Snapshot #13660
Snapshot #13670
Snapshot #13680
Snapshot #13690
Snapshot #13700
Snapshot #13710
Snapshot #13720
Snapshot #13730
Snapshot #13740
Snapshot #13750
Snapshot #13760
Snapshot #13770
Snapshot #13780
Snapshot #13790
Snapshot #13800
Snapshot #13810
Snapshot #13820
Snapshot #13830
Snapshot #13840
Snapshot #13850
Snapshot #13860
Snapshot #13870
Snapshot #13880
Snapshot #13890
Snapshot #13900
Snapshot #13910
Snapshot #13920
Snapshot #13930
Snapshot #13940
Snapshot #13950
Snapshot #13960
Snapshot #13970
Snapshot #13980
Snapshot #13990
Snapshot #14000
Snapshot #14010
Snapshot #14020
Snapshot #14030
Snapshot #14040
Snapshot #14050
Snapshot #14060
Snapshot #14070
Snapshot #14080
Snapshot #14090
Snapshot #14100
Snapshot #14110
Snapshot #14120
Snapshot #14130
Snapshot #14140
Snapshot #14150
Snapshot #14160
Snapshot #14170
Snapshot #14180
Snapshot #14190
Snapshot #14200
Snapshot #14210
Snapshot #14220
Snapshot #14230
Snapshot #14240
Snapshot #14250
Snapshot #14260
Snapshot #14270
Snapshot #14280
Snapshot #14290
Snapshot #14300
Snapshot #14310
Snapshot #14320
Snapshot #14330
Snapshot #14340
Snapshot #14350
Snapshot #14360
Snapshot #14370
Snapshot #14380
Snapshot #14390
Snapshot #14400
Snapshot #14410
Snapshot #14420
Snapshot #14430
Snapshot #14440
Snapshot #14450
Snapshot #14460
Snapshot #14470
Snapshot #14480
Snapshot #14490
Snapshot #14500
Snapshot #14510
Snapshot #14520
Snapshot #14530
Snapshot #14540
Snapshot #14550
Snapshot #14560
Snapshot #14570
Snapshot #14580
Snapshot #14590
Snapshot #14600
Snapshot #14610
Snapshot #14620
Snapshot #14630
Snapshot #14640
Snapshot #14650
Snapshot #14660
Snapshot #14670
Snapshot #14680
Snapshot #14690
Snapshot #14700
Snapshot #14710
Snapshot #14720
Snapshot #14730
Snapshot #14740
Snapshot #14750
Snapshot #14760
Snapshot #14770
Snapshot #14780
Snapshot #14790
Snapshot #14800
Snapshot #14810
Snapshot #14820
Snapshot #14830
Snapshot #14840
Snapshot #14850
Snapshot #14860
Snapshot #14870
Snapshot #14880
Snapshot #14890
Snapshot #14900
Snapshot #14910
Snapshot #14920
Snapshot #14930
Snapshot #14940
Snapshot #14950
Snapshot #14960
Snapshot #14970
Snapshot #14980
Snapshot #14990
Snapshot #15000
Snapshot #15010
Snapshot #15020
Snapshot #15030
Snapshot #15040
Snapshot #15050
Snapshot #15060
Snapshot #15070
Snapshot #15080
Snapshot #15090
Snapshot #15100
Snapshot #15110
Snapshot #15120
Snapshot #15130
Snapshot #15140
Snapshot #15150
Snapshot #15160
Snapshot #15170
Snapshot #15180
Snapshot #15190
Snapshot #15200
Snapshot #15210
Snapshot #15220
Snapshot #15230
Snapshot #15240
Snapshot #15250
Snapshot #15260
Snapshot #15270
Snapshot #15280
Snapshot #15290
Snapshot #15300
Snapshot #15310
Snapshot #15320
Snapshot #15330
Snapshot #15340
Snapshot #15350
Snapshot #15360
Snapshot #15370
Snapshot #15380
Snapshot #15390
Snapshot #15400
Snapshot #15410
Snapshot #15420
Snapshot #15430
Snapshot #15440
Snapshot #15450
Snapshot #15460
Snapshot #15470
Snapshot #15480
Snapshot #15490
Snapshot #15500
Snapshot #15510
Snapshot #15520
Snapshot #15530
Snapshot #15540
Snapshot #15550
Snapshot #15560
Snapshot #15570
Snapshot #15580
Snapshot #15590
Snapshot #15600
Snapshot #15610
Snapshot #15620
Snapshot #15630
Snapshot #15640
Snapshot #15650
Snapshot #15660
Snapshot #15670
Snapshot #15680
Snapshot #15690
Snapshot #15700
Snapshot #15710
Snapshot #15720
Snapshot #15730
Snapshot #15740
Snapshot #15750
Snapshot #15760
Snapshot #15770
Snapshot #15780
Snapshot #15790
Snapshot #15800
Snapshot #15810
Snapshot #15820
Snapshot #15830
Snapshot #15840
Snapshot #15850
Snapshot #15860
Snapshot #15870
Snapshot #15880
Snapshot #15890
Snapshot #15900
Snapshot #15910
Snapshot #15920
Snapshot #15930
Snapshot #15940
Snapshot #15950
Snapshot #15960
Snapshot #15970
Snapshot #15980
Snapshot #15990
Snapshot #16000
Snapshot #16010
Snapshot #16020
Snapshot #16030
Snapshot #16040
Snapshot #16050
Snapshot #16060
Snapshot #16070
Snapshot #16080
Snapshot #16090
Snapshot #16100
Snapshot #16110
Snapshot #16120
Snapshot #16130
Snapshot #16140
Snapshot #16150
Snapshot #16160
Snapshot #16170
Snapshot #16180
Snapshot #16190
Snapshot #16200
Snapshot #16210
Snapshot #16220
Snapshot #16230
Snapshot #16240
Snapshot #16250
Snapshot #16260
Snapshot #16270
Snapshot #16280
Snapshot #16290
Snapshot #16300
Snapshot #16310
Snapshot #16320
Snapshot #16330
Snapshot #16340
Snapshot #16350
Snapshot #16360
Snapshot #16370
Snapshot #16380
Snapshot #16390
Snapshot #16400
Snapshot #16410
Snapshot #16420
Snapshot #16430
Snapshot #16440
Snapshot #16450
Snapshot #16460
Snapshot #16470
Snapshot #16480
Snapshot #16490
Snapshot #16500
Snapshot #16510
Snapshot #16520
Snapshot #16530
Snapshot #16540
Snapshot #16550
Snapshot #16560
Snapshot #16570
Snapshot #16580
Snapshot #16590
Snapshot #16600
Snapshot #16610
Snapshot #16620
Snapshot #16630
Snapshot #16640
Snapshot #16650
Snapshot #16660
Snapshot #16670
Snapshot #16680
Snapshot #16690
Snapshot #16700
Snapshot #16710
Snapshot #16720
Snapshot #16730
Snapshot #16740
Snapshot #16750
Snapshot #16760
Snapshot #16770
Snapshot #16780
Snapshot #16790
Snapshot #16800
Snapshot #16810
Snapshot #16820
Snapshot #16830
Snapshot #16840
Snapshot #16850
Snapshot #16860
Snapshot #16870
Snapshot #16880
Snapshot #16890
Snapshot #16900
Snapshot #16910
Snapshot #16920
Snapshot #16930
Snapshot #16940
Snapshot #16950
Snapshot #16960
Snapshot #16970
Snapshot #16980
Snapshot #16990
Snapshot #17000
Snapshot #17010
Snapshot #17020
Snapshot #17030
Snapshot #17040
Snapshot #17050
Snapshot #17060
Snapshot #17070
Snapshot #17080
Snapshot #17090
Snapshot #17100
Snapshot #17110
Snapshot #17120
Snapshot #17130
Snapshot #17140
Snapshot #17150
Snapshot #17160
Snapshot #17170
Snapshot #17180
Snapshot #17190
Snapshot #17200
Snapshot #17210
Snapshot #17220
Snapshot #17230
Snapshot #17240
Snapshot #17250
Snapshot #17260
Snapshot #17270
Snapshot #17280
Snapshot #17290
Snapshot #17300
Snapshot #17310
Snapshot #17320
Snapshot #17330
Snapshot #17340
Snapshot #17350
Snapshot #17360
Snapshot #17370
Snapshot #17380
Snapshot #17390
Snapshot #17400
Snapshot #17410
Snapshot #17420
Snapshot #17430
Snapshot #17440
Snapshot #17450
Snapshot #17460
Snapshot #17470
Snapshot #17480
Snapshot #17490
Snapshot #17500
Snapshot #17510
Snapshot #17520
Snapshot #17530
Snapshot #17540
Snapshot #17550
Snapshot #17560
Snapshot #17570
Snapshot #17580
Snapshot #17590
Snapshot #17600
Snapshot #17610
Snapshot #17620
Snapshot #17630
Snapshot #17640
Snapshot #17650
Snapshot #17660
Snapshot #17670
Snapshot #17680
Snapshot #17690
Snapshot #17700
Snapshot #17710
Snapshot #17720
Snapshot #17730
Snapshot #17740
Snapshot #17750
Snapshot #17760
Snapshot #17770
Snapshot #17780
Snapshot #17790
Snapshot #17800
Snapshot #17810
Snapshot #17820
Snapshot #17830
Snapshot #17840
Snapshot #17850
Snapshot #17860
Snapshot #17870
Snapshot #17880
Snapshot #17890
Snapshot #17900
Snapshot #17910
Snapshot #17920
Snapshot #17930
Snapshot #17940
Snapshot #17950
Snapshot #17960
Snapshot #17970
Snapshot #17980
Snapshot #17990
Snapshot #18000
Snapshot #18010
Snapshot #18020
Snapshot #18030
Snapshot #18040
Snapshot #18050
Snapshot #18060
Snapshot #18070
Snapshot #18080
Snapshot #18090
Snapshot #18100
Snapshot #18110
Snapshot #18120
Snapshot #18130
Snapshot #18140
Snapshot #18150
Snapshot #18160
Snapshot #18170
Snapshot #18180
Snapshot #18190
Snapshot #18200
Snapshot #18210
Snapshot #18220
Snapshot #18230
Snapshot #18240
Snapshot #18250
Snapshot #18260
Snapshot #18270
Snapshot #18280
Snapshot #18290
Snapshot #18300
Snapshot #18310
Snapshot #18320
Snapshot #18330
Snapshot #18340
Snapshot #18350
Snapshot #18360
Snapshot #18370
Snapshot #18380
Snapshot #18390
Snapshot #18400
Snapshot #18410
Snapshot #18420
Snapshot #18430
Snapshot #18440
Snapshot #18450
Snapshot #18460
Snapshot #18470
Snapshot #18480
Snapshot #18490
Snapshot #18500
Snapshot #18510
Snapshot #18520
Snapshot #18530
Snapshot #18540
Snapshot #18550
Snapshot #18560
Snapshot #18570
Snapshot #18580
Snapshot #18590
Snapshot #18600
Snapshot #18610
Snapshot #18620
Snapshot #18630
Snapshot #18640
Snapshot #18650
Snapshot #18660
Snapshot #18670
Snapshot #18680
Snapshot #18690
Snapshot #18700
Snapshot #18710
Snapshot #18720
Snapshot #18730
Snapshot #18740
Snapshot #18750
Snapshot #18760
Snapshot #18770
Snapshot #18780
Snapshot #18790
Snapshot #18800
Snapshot #18810
Snapshot #18820
Snapshot #18830
Snapshot #18840
Snapshot #18850
Snapshot #18860
Snapshot #18870
Snapshot #18880
Snapshot #18890
Snapshot #18900
Snapshot #18910
Snapshot #18920
Snapshot #18930
Snapshot #18940
Snapshot #18950
Snapshot #18960
Snapshot #18970
Snapshot #18980
Snapshot #18990
Snapshot #19000
Snapshot #19010
Snapshot #19020
Snapshot #19030
Snapshot #19040
Snapshot #19050
Snapshot #19060
Snapshot #19070
Snapshot #19080
Snapshot #19090
Snapshot #19100
Snapshot #19110
Snapshot #19120
Snapshot #19130
Snapshot #19140
Snapshot #19150
Snapshot #19160
Snapshot #19170
Snapshot #19180
Snapshot #19190
Snapshot #19200
Snapshot #19210
Snapshot #19220
Snapshot #19230
Snapshot #19240
Snapshot #19250
Snapshot #19260
Snapshot #19270
Snapshot #19280
Snapshot #19290
Snapshot #19300
Snapshot #19310
Snapshot #19320
Snapshot #19330
Snapshot #19340
Snapshot #19350
Snapshot #19360
Snapshot #19370
Snapshot #19380
Snapshot #19390
Snapshot #19400
Snapshot #19410
Snapshot #19420
Snapshot #19430
Snapshot #19440
Snapshot #19450
Snapshot #19460
Snapshot #19470
Snapshot #19480
Snapshot #19490
Snapshot #19500
Snapshot #19510
Snapshot #19520
Snapshot #19530
Snapshot #19540
Snapshot #19550
Snapshot #19560
Snapshot #19570
Snapshot #19580
Snapshot #19590
Snapshot #19600
Snapshot #19610
Snapshot #19620
Snapshot #19630
Snapshot #19640
Snapshot #19650
Snapshot #19660
Snapshot #19670
Snapshot #19680
Snapshot #19690
Snapshot #19700
Snapshot #19710
Snapshot #19720
Snapshot #19730
Snapshot #19740
Snapshot #19750
Snapshot #19760
Snapshot #19770
Snapshot #19780
Snapshot #19790
Snapshot #19800
Snapshot #19810
Snapshot #19820
Snapshot #19830
Snapshot #19840
Snapshot #19850
Snapshot #19860
Snapshot #19870
Snapshot #19880
Snapshot #19890
Snapshot #19900
Snapshot #19910
Snapshot #19920
Snapshot #19930
Snapshot #19940
Snapshot #19950
Snapshot #19960
Snapshot #19970
Snapshot #19980
Snapshot #19990
Snapshot #20000
Snapshot #20010
Snapshot #20020
Snapshot #20030
Snapshot #20040
Snapshot #20050
Snapshot #20060
Snapshot #20070
Snapshot #20080
Snapshot #20090
Snapshot #20100
Snapshot #20110
Snapshot #20120
Snapshot #20130
Snapshot #20140
Snapshot #20150
Snapshot #20160
Snapshot #20170
Snapshot #20180
Snapshot #20190
Snapshot #20200
Snapshot #20210
Snapshot #20220
Snapshot #20230
Snapshot #20240
Snapshot #20250
Snapshot #20260
Snapshot #20270
Snapshot #20280
Snapshot #20290
Snapshot #20300
Snapshot #20310
Snapshot #20320
Snapshot #20330
Snapshot #20340
Snapshot #20350
Snapshot #20360
Snapshot #20370
Snapshot #20380
Snapshot #20390
Snapshot #20400
Snapshot #20410
Snapshot #20420
Snapshot #20430
Snapshot #20440
Snapshot #20450
Snapshot #20460
Snapshot #20470
Snapshot #20480
Snapshot #20490
Snapshot #20500
Snapshot #20510
Snapshot #20520
Snapshot #20530
Snapshot #20540
Snapshot #20550
Snapshot #20560
Snapshot #20570
Snapshot #20580
Snapshot #20590
Snapshot #20600
Snapshot #20610
Snapshot #20620
Snapshot #20630
Snapshot #20640
Snapshot #20650
Snapshot #20660
Snapshot #20670
Snapshot #20680
Snapshot #20690
Snapshot #20700
Snapshot #20710
Snapshot #20720
Snapshot #20730
Snapshot #20740
Snapshot #20750
Snapshot #20760
Snapshot #20770
Snapshot #20780
Snapshot #20790
Snapshot #20800
Snapshot #20810
Snapshot #20820
Snapshot #20830
Snapshot #20840
Snapshot #20850
Snapshot #20860
Snapshot #20870
Snapshot #20880
Snapshot #20890
Snapshot #20900
Snapshot #20910
Snapshot #20920
Snapshot #20930
Snapshot #20940
Snapshot #20950
Snapshot #20960
Snapshot #20970
Snapshot #20980
Snapshot #20990
Snapshot #21000
Snapshot #21010
Snapshot #21020
Snapshot #21030
Snapshot #21040
Snapshot #21050
Snapshot #21060
Snapshot #21070
Snapshot #21080
Snapshot #21090
Snapshot #21100
Snapshot #21110
Snapshot #21120
Snapshot #21130
Snapshot #21140
Snapshot #21150
Snapshot #21160
Snapshot #21170
Snapshot #21180
Snapshot #21190
Snapshot #21200
Snapshot #21210
Snapshot #21220
Snapshot #21230
Snapshot #21240
Snapshot #21250
Snapshot #21260
Snapshot #21270
Snapshot #21280
Snapshot #21290
Snapshot #21300
Snapshot #21310
Snapshot #21320
Snapshot #21330
Snapshot #21340
Snapshot #21350
Snapshot #21360
Snapshot #21370
Snapshot #21380
Snapshot #21390
Snapshot #21400
Snapshot #21410
Snapshot #21420
Snapshot #21430
Snapshot #21440
Snapshot #21450
Snapshot #21460
Snapshot #21470
Snapshot #21480
Snapshot #21490
Snapshot #21500
Snapshot #21510
Snapshot #21520
Snapshot #21530
Snapshot #21540
Snapshot #21550
Snapshot #21560
Snapshot #21570
Snapshot #21580
Snapshot #21590
Snapshot #21600
Snapshot #21610
Snapshot #21620
Snapshot #21630
Snapshot #21640
Snapshot #21650
Snapshot #21660
Snapshot #21670
Snapshot #21680
Snapshot #21690
Snapshot #21700
Snapshot #21710
Snapshot #21720
Snapshot #21730
Snapshot #21740
Snapshot #21750
Snapshot #21760
Snapshot #21770
Snapshot #21780
Snapshot #21790
Snapshot #21800
Snapshot #21810
Snapshot #21820
Snapshot #21830
Snapshot #21840
Snapshot #21850
Snapshot #21860
Snapshot #21870
Snapshot #21880
Snapshot #21890
Snapshot #21900
Snapshot #21910
Snapshot #21920
Snapshot #21930
Snapshot #21940
Snapshot #21950
Snapshot #21960
Snapshot #21970
Snapshot #21980
Snapshot #21990
Snapshot #22000
Snapshot #22010
Snapshot #22020
Snapshot #22030
Snapshot #22040
Snapshot #22050
Snapshot #22060
Snapshot #22070
Snapshot #22080
Snapshot #22090
Snapshot #22100
Snapshot #22110
Snapshot #22120
Snapshot #22130
Snapshot #22140
Snapshot #22150
Snapshot #22160
Snapshot #22170
Snapshot #22180
Snapshot #22190
Snapshot #22200
Snapshot #22210
Snapshot #22220
Snapshot #22230
Snapshot #22240
Snapshot #22250
Snapshot #22260
Snapshot #22270
Snapshot #22280
Snapshot #22290
Snapshot #22300
Snapshot #22310
Snapshot #22320
Snapshot #22330
Snapshot #22340
Snapshot #22350
Snapshot #22360
Snapshot #22370
Snapshot #22380
Snapshot #22390
Snapshot #22400
Snapshot #22410
Snapshot #22420
Snapshot #22430
Snapshot #22440
Snapshot #22450
Snapshot #22460
Snapshot #22470
Snapshot #22480
Snapshot #22490
Snapshot #22500
Snapshot #22510
Snapshot #22520
Snapshot #22530
Snapshot #22540
Snapshot #22550
Snapshot #22560
Snapshot #22570
Snapshot #22580
Snapshot #22590
Snapshot #22600
Snapshot #22610
Snapshot #22620
Snapshot #22630
Snapshot #22640
Snapshot #22650
Snapshot #22660
Snapshot #22670
Snapshot #22680
Snapshot #22690
Snapshot #22700
Snapshot #22710
Snapshot #22720
Snapshot #22730
Snapshot #22740
Snapshot #22750
Snapshot #22760
Snapshot #22770
Snapshot #22780
Snapshot #22790
Snapshot #22800
Snapshot #22810
Snapshot #22820
Snapshot #22830
Snapshot #22840
Snapshot #22850
Snapshot #22860
Snapshot #22870
Snapshot #22880
Snapshot #22890
Snapshot #22900
Snapshot #22910
Snapshot #22920
Snapshot #22930
Snapshot #22940
Snapshot #22950
Snapshot #22960
Snapshot #22970
Snapshot #22980
Snapshot #22990
Snapshot #23000
Snapshot #23010
Snapshot #23020
Snapshot #23030
Snapshot #23040
Snapshot #23050
Snapshot #23060
Snapshot #23070
Snapshot #23080
Snapshot #23090
Snapshot #23100
Snapshot #23110
Snapshot #23120
Snapshot #23130
Snapshot #23140
Snapshot #23150
Snapshot #23160
Snapshot #23170
Snapshot #23180
Snapshot #23190
Snapshot #23200
Snapshot #23210
Snapshot #23220
Snapshot #23230
Snapshot #23240
Snapshot #23250
Snapshot #23260
Snapshot #23270
Snapshot #23280
Snapshot #23290
Snapshot #23300
Snapshot #23310
Snapshot #23320
Snapshot #23330
Snapshot #23340
Snapshot #23350
Snapshot #23360
Snapshot #23370
Snapshot #23380
Snapshot #23390
Snapshot #23400
Snapshot #23410
Snapshot #23420
Snapshot #23430
Snapshot #23440
Snapshot #23450
Snapshot #23460
Snapshot #23470
Snapshot #23480
Snapshot #23490
Snapshot #23500
Snapshot #23510
Snapshot #23520
Snapshot #23530
Snapshot #23540
Snapshot #23550
Snapshot #23560
Snapshot #23570
Snapshot #23580
Snapshot #23590
Snapshot #23600
Snapshot #23610
Snapshot #23620
Snapshot #23630
Snapshot #23640
Snapshot #23650
Snapshot #23660
Snapshot #23670
Snapshot #23680
Snapshot #23690
Snapshot #23700
Snapshot #23710
Snapshot #23720
Snapshot #23730
Snapshot #23740
Snapshot #23750
Snapshot #23760
Snapshot #23770
Snapshot #23780
Snapshot #23790
Snapshot #23800
Snapshot #23810
Snapshot #23820
Snapshot #23830
Snapshot #23840
Snapshot #23850
Snapshot #23860
Snapshot #23870
Snapshot #23880
Snapshot #23890
Snapshot #23900
Snapshot #23910
Snapshot #23920
Snapshot #23930
Snapshot #23940
Snapshot #23950
Snapshot #23960
Snapshot #23970
Snapshot #23980
Snapshot #23990
Snapshot #24000
Snapshot #24010
Snapshot #24020
Snapshot #24030
Snapshot #24040
Snapshot #24050
Snapshot #24060
Snapshot #24070
Snapshot #24080
Snapshot #24090
Snapshot #24100
Snapshot #24110
Snapshot #24120
Snapshot #24130
Snapshot #24140
Snapshot #24150
Snapshot #24160
Snapshot #24170
Snapshot #24180
Snapshot #24190
Snapshot #24200
Snapshot #24210
Snapshot #24220
Snapshot #24230
Snapshot #24240
Snapshot #24250
Snapshot #24260
Snapshot #24270
Snapshot #24280
Snapshot #24290
Snapshot #24300
Snapshot #24310
Snapshot #24320
Snapshot #24330
Snapshot #24340
Snapshot #24350
Snapshot #24360
Snapshot #24370
Snapshot #24380
Snapshot #24390
Snapshot #24400
Snapshot #24410
Snapshot #24420
Snapshot #24430
Snapshot #24440
Snapshot #24450
Snapshot #24460
Snapshot #24470
Snapshot #24480
Snapshot #24490
Snapshot #24500
Snapshot #24510
Snapshot #24520
Snapshot #24530
Snapshot #24540
Snapshot #24550
Snapshot #24560
Snapshot #24570
Snapshot #24580
Snapshot #24590
Snapshot #24600
Snapshot #24610
Snapshot #24620
Snapshot #24630
Snapshot #24640
Snapshot #24650
Snapshot #24660
Snapshot #24670
Snapshot #24680
Snapshot #24690
Snapshot #24700
Snapshot #24710
Snapshot #24720
Snapshot #24730
Snapshot #24740
Snapshot #24750
Snapshot #24760
Snapshot #24770
Snapshot #24780
Snapshot #24790
Snapshot #24800
Snapshot #24810
Snapshot #24820
Snapshot #24830
Snapshot #24840
Snapshot #24850
Snapshot #24860
Snapshot #24870
Snapshot #24880
Snapshot #24890
Snapshot #24900
Snapshot #24910
Snapshot #24920
Snapshot #24930
Snapshot #24940
Snapshot #24950
Snapshot #24960
Snapshot #24970
Snapshot #24980
Snapshot #24990
Snapshot #25000
Snapshot #25010
Snapshot #25020
Snapshot #25030
Snapshot #25040
Snapshot #25050
Snapshot #25060
Snapshot #25070
Snapshot #25080
Snapshot #25090
Snapshot #25100
Snapshot #25110
Snapshot #25120
Snapshot #25130
Snapshot #25140
Snapshot #25150
Snapshot #25160
Snapshot #25170
Snapshot #25180
Snapshot #25190
Snapshot #25200
Snapshot #25210
Snapshot #25220
Snapshot #25230
Snapshot #25240
Snapshot #25250
Snapshot #25260
Snapshot #25270
Snapshot #25280
Snapshot #25290
Snapshot #25300
Snapshot #25310
Snapshot #25320
Snapshot #25330
Snapshot #25340
Snapshot #25350
Snapshot #25360
Snapshot #25370
Snapshot #25380
Snapshot #25390
Snapshot #25400
Snapshot #25410
Snapshot #25420
Snapshot #25430
Snapshot #25440
Snapshot #25450
Snapshot #25460
Snapshot #25470
Snapshot #25480
Snapshot #25490
Snapshot #25500
Snapshot #25510
Snapshot #25520
Snapshot #25530
Snapshot #25540
Snapshot #25550
Snapshot #25560
Snapshot #25570
Snapshot #25580
Snapshot #25590
Snapshot #25600
Snapshot #25610
Snapshot #25620
Snapshot #25630
Snapshot #25640
Snapshot #25650
Snapshot #25660
Snapshot #25670
Snapshot #25680
Snapshot #25690
Snapshot #25700
Snapshot #25710
Snapshot #25720
Snapshot #25730
Snapshot #25740
Snapshot #25750
Snapshot #25760
Snapshot #25770
Snapshot #25780
Snapshot #25790
Snapshot #25800
Snapshot #25810
Snapshot #25820
Snapshot #25830
Snapshot #25840
Snapshot #25850
Snapshot #25860
Snapshot #25870
Snapshot #25880
Snapshot #25890
Snapshot #25900
Snapshot #25910
Snapshot #25920
Snapshot #25930
Snapshot #25940
Snapshot #25950
Snapshot #25960
Snapshot #25970
Snapshot #25980
Snapshot #25990
Snapshot #26000
Snapshot #26010
Snapshot #26020
Snapshot #26030
Snapshot #26040
Snapshot #26050
Snapshot #26060
Snapshot #26070
Snapshot #26080
Snapshot #26090
Snapshot #26100
Snapshot #26110
Snapshot #26120
Snapshot #26130
Snapshot #26140
Snapshot #26150
Snapshot #26160
Snapshot #26170
Snapshot #26180
Snapshot #26190
Snapshot #26200
Snapshot #26210
Snapshot #26220
Snapshot #26230
Snapshot #26240
Snapshot #26250
Snapshot #26260
Snapshot #26270
Snapshot #26280
Snapshot #26290
Snapshot #26300
Snapshot #26310
Snapshot #26320
Snapshot #26330
Snapshot #26340
Snapshot #26350
Snapshot #26360
Snapshot #26370
Snapshot #26380
Snapshot #26390
Snapshot #26400
Snapshot #26410
Snapshot #26420
Snapshot #26430
Snapshot #26440
Snapshot #26450
Snapshot #26460
Snapshot #26470
Snapshot #26480
Snapshot #26490
Snapshot #26500
Snapshot #26510
Snapshot #26520
Snapshot #26530
Snapshot #26540
Snapshot #26550
Snapshot #26560
Snapshot #26570
Snapshot #26580
Snapshot #26590
Snapshot #26600
Snapshot #26610
Snapshot #26620
Snapshot #26630
Snapshot #26640
Snapshot #26650
Snapshot #26660
Snapshot #26670
Snapshot #26680
Snapshot #26690
Snapshot #26700
Snapshot #26710
Snapshot #26720
Snapshot #26730
Snapshot #26740
Snapshot #26750
Snapshot #26760
Snapshot #26770
Snapshot #26780
Snapshot #26790
Snapshot #26800
Snapshot #26810
Snapshot #26820
Snapshot #26830
Snapshot #26840
Snapshot #26850
Snapshot #26860
Snapshot #26870
Snapshot #26880
Snapshot #26890
Snapshot #26900
Snapshot #26910
Snapshot #26920
Snapshot #26930
Snapshot #26940
Snapshot #26950
Snapshot #26960
Snapshot #26970
Snapshot #26980
Snapshot #26990
Snapshot #27000
Snapshot #27010
Snapshot #27020
Snapshot #27030
Snapshot #27040
Snapshot #27050
Snapshot #27060
Snapshot #27070
Snapshot #27080
Snapshot #27090
Snapshot #27100
Snapshot #27110
Snapshot #27120
Snapshot #27130
Snapshot #27140
Snapshot #27150
Snapshot #27160
Snapshot #27170
Snapshot #27180
Snapshot #27190
Snapshot #27200
Snapshot #27210
Snapshot #27220
Snapshot #27230
Snapshot #27240
Snapshot #27250
Snapshot #27260
Snapshot #27270
Snapshot #27280
Snapshot #27290
Snapshot #27300
Snapshot #27310
Snapshot #27320
Snapshot #27330
Snapshot #27340
Snapshot #27350
Snapshot #27360
Snapshot #27370
Snapshot #27380
Snapshot #27390
Snapshot #27400
Snapshot #27410
Snapshot #27420
Snapshot #27430
Snapshot #27440
Snapshot #27450
Snapshot #27460
Snapshot #27470
Snapshot #27480
Snapshot #27490
Snapshot #27500
Snapshot #27510
Snapshot #27520
Snapshot #27530
Snapshot #27540
Snapshot #27550
Snapshot #27560
Snapshot #27570
Snapshot #27580
Snapshot #27590
Snapshot #27600
Snapshot #27610
Snapshot #27620
Snapshot #27630
Snapshot #27640
Snapshot #27650
Snapshot #27660
Snapshot #27670
Snapshot #27680
Snapshot #27690
Snapshot #27700
Snapshot #27710
Snapshot #27720
Snapshot #27730
Snapshot #27740
Snapshot #27750
Snapshot #27760
Snapshot #27770
Snapshot #27780
Snapshot #27790
Snapshot #27800
Snapshot #27810
Snapshot #27820
Snapshot #27830
Snapshot #27840
Snapshot #27850
Snapshot #27860
Snapshot #27870
Snapshot #27880
Snapshot #27890
Snapshot #27900
Snapshot #27910
Snapshot #27920
Snapshot #27930
Snapshot #27940
Snapshot #27950
Snapshot #27960
Snapshot #27970
Snapshot #27980
Snapshot #27990
Snapshot #28000
Snapshot #28010
Snapshot #28020
Snapshot #28030
Snapshot #28040
Snapshot #28050
Snapshot #28060
Snapshot #28070
Snapshot #28080
Snapshot #28090
Snapshot #28100
Snapshot #28110
Snapshot #28120
Snapshot #28130
Snapshot #28140
Snapshot #28150
Snapshot #28160
Snapshot #28170
Snapshot #28180
Snapshot #28190
Snapshot #28200
Snapshot #28210
Snapshot #28220
Snapshot #28230
Snapshot #28240
Snapshot #28250
Snapshot #28260
Snapshot #28270
Snapshot #28280
Snapshot #28290
Snapshot #28300
Snapshot #28310
Snapshot #28320
Snapshot #28330
Snapshot #28340
Snapshot #28350
Snapshot #28360
Snapshot #28370
Snapshot #28380
Snapshot #28390
Snapshot #28400
Snapshot #28410
Snapshot #28420
Snapshot #28430
Snapshot #28440
Snapshot #28450
Snapshot #28460
Snapshot #28470
Snapshot #28480
Snapshot #28490
Snapshot #28500
Snapshot #28510
Snapshot #28520
Snapshot #28530
Snapshot #28540
Snapshot #28550
Snapshot #28560
Snapshot #28570
Snapshot #28580
Snapshot #28590
Snapshot #28600
Snapshot #28610
Snapshot #28620
Snapshot #28630
Snapshot #28640
Snapshot #28650
Snapshot #28660
Snapshot #28670
Snapshot #28680
Snapshot #28690
Snapshot #28700
Snapshot #28710
Snapshot #28720
Snapshot #28730
Snapshot #28740
Snapshot #28750
Snapshot #28760
Snapshot #28770
Snapshot #28780
Snapshot #28790
Snapshot #28800
Snapshot #28810
Snapshot #28820
Snapshot #28830
Snapshot #28840
Snapshot #28850
Snapshot #28860
Snapshot #28870
Snapshot #28880
Snapshot #28890
Snapshot #28900
Snapshot #28910
Snapshot #28920
Snapshot #28930
Snapshot #28940
Snapshot #28950
Snapshot #28960
Snapshot #28970
Snapshot #28980
Snapshot #28990
Snapshot #29000
Snapshot #29010
Snapshot #29020
Snapshot #29030
Snapshot #29040
Snapshot #29050
Snapshot #29060
Snapshot #29070
Snapshot #29080
Snapshot #29090
Snapshot #29100
Snapshot #29110
Snapshot #29120
Snapshot #29130
Snapshot #29140
Snapshot #29150
Snapshot #29160
Snapshot #29170
Snapshot #29180
Snapshot #29190
Snapshot #29200
Snapshot #29210
Snapshot #29220
Snapshot #29230
Snapshot #29240
Snapshot #29250
Snapshot #29260
Snapshot #29270
Snapshot #29280
Snapshot #29290
Snapshot #29300
Snapshot #29310
Snapshot #29320
Snapshot #29330
Snapshot #29340
Snapshot #29350
Snapshot #29360
Snapshot #29370
Snapshot #29380
Snapshot #29390
Snapshot #29400
Snapshot #29410
Snapshot #29420
Snapshot #29430
Snapshot #29440
Snapshot #29450
Snapshot #29460
Snapshot #29470
Snapshot #29480
Snapshot #29490
Snapshot #29500
Snapshot #29510
Snapshot #29520
Snapshot #29530
Snapshot #29540
Snapshot #29550
Snapshot #29560
Snapshot #29570
Snapshot #29580
Snapshot #29590
Snapshot #29600
Snapshot #29610
Snapshot #29620
Snapshot #29630
Snapshot #29640
Snapshot #29650
Snapshot #29660
Snapshot #29670
Snapshot #29680
Snapshot #29690
Snapshot #29700
Snapshot #29710
Snapshot #29720
Snapshot #29730
Snapshot #29740
Snapshot #29750
Snapshot #29760
Snapshot #29770
Snapshot #29780
Snapshot #29790
Snapshot #29800
Snapshot #29810
Snapshot #29820
Snapshot #29830
Snapshot #29840
Snapshot #29850
Snapshot #29860
Snapshot #29870
Snapshot #29880
Snapshot #29890
Snapshot #29900
Snapshot #29910
Snapshot #29920
Snapshot #29930
Snapshot #29940
Snapshot #29950
Snapshot #29960
Snapshot #29970
Snapshot #29980
Snapshot #29990
Snapshot #30000
Snapshot #30010
Snapshot #30020
Snapshot #30030
Snapshot #30040
Snapshot #30050
Snapshot #30060
Snapshot #30070
Snapshot #30080
Snapshot #30090
Snapshot #30100
Snapshot #30110
Snapshot #30120
Snapshot #30130
Snapshot #30140
Snapshot #30150
Snapshot #30160
Snapshot #30170
Snapshot #30180
Snapshot #30190
Snapshot #30200
Snapshot #30210
Snapshot #30220
Snapshot #30230
Snapshot #30240
Snapshot #30250
Snapshot #30260
Snapshot #30270
Snapshot #30280
Snapshot #30290
Snapshot #30300
Snapshot #30310
Snapshot #30320
Snapshot #30330
Snapshot #30340
Snapshot #30350
Snapshot #30360
Snapshot #30370
Snapshot #30380
Snapshot #30390
Snapshot #30400
Snapshot #30410
Snapshot #30420
Snapshot #30430
Snapshot #30440
Snapshot #30450
Snapshot #30460
Snapshot #30470
Snapshot #30480
Snapshot #30490
Snapshot #30500
Snapshot #30510
Snapshot #30520
Snapshot #30530
Snapshot #30540
Snapshot #30550
Snapshot #30560
Snapshot #30570
Snapshot #30580
Snapshot #30590
Snapshot #30600
Snapshot #30610
Snapshot #30620
Snapshot #30630
Snapshot #30640
Snapshot #30650
Snapshot #30660
Snapshot #30670
Snapshot #30680
Snapshot #30690
Snapshot #30700
Snapshot #30710
Snapshot #30720
Snapshot #30730
Snapshot #30740
Snapshot #30750
Snapshot #30760
Snapshot #30770
Snapshot #30780
Snapshot #30790
Snapshot #30800
Snapshot #30810
Snapshot #30820
Snapshot #30830
Snapshot #30840
Snapshot #30850
Snapshot #30860
Snapshot #30870
Snapshot #30880
Snapshot #30890
Snapshot #30900
Snapshot #30910
Snapshot #30920
Snapshot #30930
Snapshot #30940
Snapshot #30950
Snapshot #30960
Snapshot #30970
Snapshot #30980
Snapshot #30990
Snapshot #31000
Snapshot #31010
Snapshot #31020
Snapshot #31030
Snapshot #31040
Snapshot #31050
Snapshot #31060
Snapshot #31070
Snapshot #31080
Snapshot #31090
Snapshot #31100
Snapshot #31110
Snapshot #31120
Snapshot #31130
Snapshot #31140
Snapshot #31150
Snapshot #31160
Snapshot #31170
Snapshot #31180
Snapshot #31190
Snapshot #31200
Snapshot #31210
Snapshot #31220
Snapshot #31230
Snapshot #31240
Snapshot #31250
Snapshot #31260
Snapshot #31270
Snapshot #31280
Snapshot #31290
Snapshot #31300
Snapshot #31310
Snapshot #31320
Snapshot #31330
Snapshot #31340
Snapshot #31350
Snapshot #31360
Snapshot #31370
Snapshot #31380
Snapshot #31390
Snapshot #31400
Snapshot #31410
Snapshot #31420
Snapshot #31430
Snapshot #31440
Snapshot #31450
Snapshot #31460
Snapshot #31470
Snapshot #31480
Snapshot #31490
Snapshot #31500
Snapshot #31510
Snapshot #31520
Snapshot #31530
Snapshot #31540
Snapshot #31550
Snapshot #31560
Snapshot #31570
Snapshot #31580
Snapshot #31590
Snapshot #31600
Snapshot #31610
Snapshot #31620
Snapshot #31630
Snapshot #31640
Snapshot #31650
Snapshot #31660
Snapshot #31670
Snapshot #31680
Snapshot #31690
Snapshot #31700
Snapshot #31710
Snapshot #31720
Snapshot #31730
Snapshot #31740
Snapshot #31750
Snapshot #31760
Snapshot #31770
Snapshot #31780
Snapshot #31790
Snapshot #31800
Snapshot #31810
Snapshot #31820
Snapshot #31830
Snapshot #31840
Snapshot #31850
Snapshot #31860
Snapshot #31870
Snapshot #31880
Snapshot #31890
Snapshot #31900
Snapshot #31910
Snapshot #31920
Snapshot #31930
Snapshot #31940
Snapshot #31950
Snapshot #31960
Snapshot #31970
Snapshot #31980
Snapshot #31990
Snapshot #32000
Snapshot #32010
Snapshot #32020
Snapshot #32030
Snapshot #32040
Snapshot #32050
Snapshot #32060
Snapshot #32070
Snapshot #32080
Snapshot #32090
Snapshot #32100
Snapshot #32110
Snapshot #32120
Snapshot #32130
Snapshot #32140
Snapshot #32150
Snapshot #32160
Snapshot #32170
Snapshot #32180
Snapshot #32190
Snapshot #32200
Snapshot #32210
Snapshot #32220
Snapshot #32230
Snapshot #32240
Snapshot #32250
Snapshot #32260
Snapshot #32270
Snapshot #32280
Snapshot #32290
Snapshot #32300
Snapshot #32310
Snapshot #32320
Snapshot #32330
Snapshot #32340
Snapshot #32350
Snapshot #32360
Snapshot #32370
Snapshot #32380
Snapshot #32390
Snapshot #32400
Snapshot #32410
Snapshot #32420
Snapshot #32430
Snapshot #32440
Snapshot #32450
Snapshot #32460
Snapshot #32470
Snapshot #32480
Snapshot #32490
Snapshot #32500
Snapshot #32510
Snapshot #32520
Snapshot #32530
Snapshot #32540
Snapshot #32550
Snapshot #32560
Snapshot #32570
Snapshot #32580
Snapshot #32590
Snapshot #32600
Snapshot #32610
Snapshot #32620
Snapshot #32630
Snapshot #32640
Snapshot #32650
Snapshot #32660
Snapshot #32670
Snapshot #32680
Snapshot #32690
Snapshot #32700
Snapshot #32710
Snapshot #32720
Snapshot #32730
Snapshot #32740
Snapshot #32750
Snapshot #32760
Snapshot #32770
Snapshot #32780
Snapshot #32790
Snapshot #32800
Snapshot #32810
Snapshot #32820
Snapshot #32830
Snapshot #32840
Snapshot #32850
Snapshot #32860
Snapshot #32870
Snapshot #32880
Snapshot #32890
Snapshot #32900
Snapshot #32910
Snapshot #32920
Snapshot #32930
Snapshot #32940
Snapshot #32950
Snapshot #32960
Snapshot #32970
Snapshot #32980
Snapshot #32990
Snapshot #33000
Snapshot #33010
Snapshot #33020
Snapshot #33030
Snapshot #33040
Snapshot #33050
Snapshot #33060
Snapshot #33070
Snapshot #33080
Snapshot #33090
Snapshot #33100
Snapshot #33110
Snapshot #33120
Snapshot #33130
Snapshot #33140
Snapshot #33150
Snapshot #33160
Snapshot #33170
Snapshot #33180
Snapshot #33190
Snapshot #33200
Snapshot #33210
Snapshot #33220
Snapshot #33230
Snapshot #33240
Snapshot #33250
Snapshot #33260
Snapshot #33270
Snapshot #33280
Snapshot #33290
Snapshot #33300
Snapshot #33310
Snapshot #33320
Snapshot #33330
Snapshot #33340
Snapshot #33350
Snapshot #33360
Snapshot #33370
Snapshot #33380
Snapshot #33390
Snapshot #33400
Snapshot #33410
Snapshot #33420
Snapshot #33430
Snapshot #33440
Snapshot #33450
Snapshot #33460
Snapshot #33470
Snapshot #33480
Snapshot #33490
Snapshot #33500
Snapshot #33510
Snapshot #33520
Snapshot #33530
Snapshot #33540
Snapshot #33550
Snapshot #33560
Snapshot #33570
Snapshot #33580
Snapshot #33590
Snapshot #33600
Snapshot #33610
Snapshot #33620
Snapshot #33630
Snapshot #33640
Snapshot #33650
Snapshot #33660
Snapshot #33670
Snapshot #33680
Snapshot #33690
Snapshot #33700
Snapshot #33710
Snapshot #33720
Snapshot #33730
Snapshot #33740
Snapshot #33750
Snapshot #33760
Snapshot #33770
Snapshot #33780
Snapshot #33790
Snapshot #33800
Snapshot #33810
Snapshot #33820
Snapshot #33830
Snapshot #33840
Snapshot #33850
Snapshot #33860
Snapshot #33870
Snapshot #33880
Snapshot #33890
Snapshot #33900
Snapshot #33910
Snapshot #33920
Snapshot #33930
Snapshot #33940
Snapshot #33950
Snapshot #33960
Snapshot #33970
Snapshot #33980
Snapshot #33990
Snapshot #34000
Snapshot #34010
Snapshot #34020
Snapshot #34030
Snapshot #34040
Snapshot #34050
Snapshot #34060
Snapshot #34070
Snapshot #34080
Snapshot #34090
Snapshot #34100
Snapshot #34110
Snapshot #34120
Snapshot #34130
Snapshot #34140
Snapshot #34150
Snapshot #34160
Snapshot #34170
Snapshot #34180
Snapshot #34190
Snapshot #34200
Snapshot #34210
Snapshot #34220
Snapshot #34230
Snapshot #34240
Snapshot #34250
Snapshot #34260
Snapshot #34270
Snapshot #34280
Snapshot #34290
Snapshot #34300
Snapshot #34310
Snapshot #34320
Snapshot #34330
Snapshot #34340
Snapshot #34350
Snapshot #34360
Snapshot #34370
Snapshot #34380
Snapshot #34390
Snapshot #34400
Snapshot #34410
Snapshot #34420
Snapshot #34430
Snapshot #34440
Snapshot #34450
Snapshot #34460
Snapshot #34470
Snapshot #34480
Snapshot #34490
Snapshot #34500
Snapshot #34510
Snapshot #34520
Snapshot #34530
Snapshot #34540
Snapshot #34550
Snapshot #34560
Snapshot #34570
Snapshot #34580
Snapshot #34590
Snapshot #34600
Snapshot #34610
Snapshot #34620
Snapshot #34630
Snapshot #34640
Snapshot #34650
Snapshot #34660
Snapshot #34670
Snapshot #34680
Snapshot #34690
Snapshot #34700
Snapshot #34710
Snapshot #34720
Snapshot #34730
Snapshot #34740
Snapshot #34750
Snapshot #34760
Snapshot #34770
Snapshot #34780
Snapshot #34790
Snapshot #34800
Snapshot #34810
Snapshot #34820
Snapshot #34830
Snapshot #34840
Snapshot #34850
Snapshot #34860
Snapshot #34870
Snapshot #34880
Snapshot #34890
Snapshot #34900
Snapshot #34910
Snapshot #34920
Snapshot #34930
Snapshot #34940
Snapshot #34950
Snapshot #34960
Snapshot #34970
Snapshot #34980
Snapshot #34990
Snapshot #35000
Snapshot #35010
Snapshot #35020
Snapshot #35030
Snapshot #35040
Snapshot #35050
Snapshot #35060
Snapshot #35070
Snapshot #35080
Snapshot #35090
Snapshot #35100
Snapshot #35110
Snapshot #35120
Snapshot #35130
Snapshot #35140
Snapshot #35150
Snapshot #35160
Snapshot #35170
Snapshot #35180
Snapshot #35190
Snapshot #35200
Snapshot #35210
Snapshot #35220
Snapshot #35230
Snapshot #35240
Snapshot #35250
Snapshot #35260
Snapshot #35270
Snapshot #35280
Snapshot #35290
Snapshot #35300
Snapshot #35310
Snapshot #35320
Snapshot #35330
Snapshot #35340
Snapshot #35350
Snapshot #35360
Snapshot #35370
Snapshot #35380
Snapshot #35390
Snapshot #35400
Snapshot #35410
Snapshot #35420
Snapshot #35430
Snapshot #35440
Snapshot #35450
Snapshot #35460
Snapshot #35470
Snapshot #35480
Snapshot #35490
Snapshot #35500
Snapshot #35510
Snapshot #35520
Snapshot #35530
Snapshot #35540
Snapshot #35550
Snapshot #35560
Snapshot #35570
Snapshot #35580
Snapshot #35590
Snapshot #35600
Snapshot #35610
Snapshot #35620
Snapshot #35630
Snapshot #35640
Snapshot #35650
Snapshot #35660
Snapshot #35670
Snapshot #35680
Snapshot #35690
Snapshot #35700
Snapshot #35710
Snapshot #35720
Snapshot #35730
Snapshot #35740
Snapshot #35750
Snapshot #35760
Snapshot #35770
Snapshot #35780
Snapshot #35790
Snapshot #35800
Snapshot #35810
Snapshot #35820
Snapshot #35830
Snapshot #35840
Snapshot #35850
Snapshot #35860
Snapshot #35870
Snapshot #35880
Snapshot #35890
Snapshot #35900
Snapshot #35910
Snapshot #35920
Snapshot #35930
Snapshot #35940
Snapshot #35950
Snapshot #35960
Snapshot #35970
Snapshot #35980
Snapshot #35990
Snapshot #36000
Snapshot #36010
Snapshot #36020
Snapshot #36030
Snapshot #36040
Snapshot #36050
Snapshot #36060
Snapshot #36070
Snapshot #36080
Snapshot #36090
Snapshot #36100
Snapshot #36110
Snapshot #36120
Snapshot #36130
Snapshot #36140
Snapshot #36150
Snapshot #36160
Snapshot #36170
Snapshot #36180
Snapshot #36190
Snapshot #36200
Snapshot #36210
Snapshot #36220
Snapshot #36230
Snapshot #36240
Snapshot #36250
Snapshot #36260
Snapshot #36270
Snapshot #36280
Snapshot #36290
Snapshot #36300
Snapshot #36310
Snapshot #36320
Snapshot #36330
Snapshot #36340
Snapshot #36350
Snapshot #36360
Snapshot #36370
Snapshot #36380
Snapshot #36390
Snapshot #36400
Snapshot #36410
Snapshot #36420
Snapshot #36430
Snapshot #36440
Snapshot #36450
Snapshot #36460
Snapshot #36470
Snapshot #36480
Snapshot #36490
Snapshot #36500
Snapshot #36510
Snapshot #36520
Snapshot #36530
Snapshot #36540
Snapshot #36550
Snapshot #36560
Snapshot #36570
Snapshot #36580
Snapshot #36590
Snapshot #36600
Snapshot #36610
Snapshot #36620
Snapshot #36630
Snapshot #36640
Snapshot #36650
Snapshot #36660
Snapshot #36670
Snapshot #36680
Snapshot #36690
Snapshot #36700
Snapshot #36710
Snapshot #36720
Snapshot #36730
Snapshot #36740
Snapshot #36750
Snapshot #36760
Snapshot #36770
Snapshot #36780
Snapshot #36790
Snapshot #36800
Snapshot #36810
Snapshot #36820
Snapshot #36830
Snapshot #36840
Snapshot #36850
Snapshot #36860
Snapshot #36870
Snapshot #36880
Snapshot #36890
Snapshot #36900
Snapshot #36910
Snapshot #36920
Snapshot #36930
Snapshot #36940
Snapshot #36950
Snapshot #36960
Snapshot #36970
Snapshot #36980
Snapshot #36990
Snapshot #37000
Snapshot #37010
Snapshot #37020
Snapshot #37030
Snapshot #37040
Snapshot #37050
Snapshot #37060
Snapshot #37070
Snapshot #37080
Snapshot #37090
Snapshot #37100
Snapshot #37110
Snapshot #37120
Snapshot #37130
Snapshot #37140
Snapshot #37150
Snapshot #37160
Snapshot #37170
Snapshot #37180
Snapshot #37190
Snapshot #37200
Snapshot #37210
Snapshot #37220
Snapshot #37230
Snapshot #37240
Snapshot #37250
Snapshot #37260
Snapshot #37270
Snapshot #37280
Snapshot #37290
Snapshot #37300
Snapshot #37310
Snapshot #37320
Snapshot #37330
Snapshot #37340
Snapshot #37350
Snapshot #37360
Snapshot #37370
Snapshot #37380
Snapshot #37390
Snapshot #37400
Snapshot #37410
Snapshot #37420
Snapshot #37430
Snapshot #37440
Snapshot #37450
Snapshot #37460
Snapshot #37470
Snapshot #37480
Snapshot #37490
Snapshot #37500
Snapshot #37510
Snapshot #37520
Snapshot #37530
Snapshot #37540
Snapshot #37550
Snapshot #37560
Snapshot #37570
Snapshot #37580
Snapshot #37590
Snapshot #37600
Snapshot #37610
Snapshot #37620
Snapshot #37630
Snapshot #37640
Snapshot #37650
Snapshot #37660
Snapshot #37670
Snapshot #37680
Snapshot #37690
Snapshot #37700
Snapshot #37710
Snapshot #37720
Snapshot #37730
Snapshot #37740
Snapshot #37750
Snapshot #37760
Snapshot #37770
Snapshot #37780
Snapshot #37790
Snapshot #37800
Snapshot #37810
Snapshot #37820
Snapshot #37830
Snapshot #37840
Snapshot #37850
Snapshot #37860
Snapshot #37870
Snapshot #37880
Snapshot #37890
Snapshot #37900
Snapshot #37910
Snapshot #37920
Snapshot #37930
Snapshot #37940
Snapshot #37950
Snapshot #37960
Snapshot #37970
Snapshot #37980
Snapshot #37990
Snapshot #38000
Snapshot #38010
Snapshot #38020
Snapshot #38030
Snapshot #38040
Snapshot #38050
Snapshot #38060
Snapshot #38070
Snapshot #38080
Snapshot #38090
Snapshot #38100
Snapshot #38110
Snapshot #38120
Snapshot #38130
Snapshot #38140
Snapshot #38150
Snapshot #38160
Snapshot #38170
Snapshot #38180
Snapshot #38190
Snapshot #38200
Snapshot #38210
Snapshot #38220
Snapshot #38230
Snapshot #38240
Snapshot #38250
Snapshot #38260
Snapshot #38270
Snapshot #38280
Snapshot #38290
Snapshot #38300
Snapshot #38310
Snapshot #38320
Snapshot #38330
Snapshot #38340
Snapshot #38350
Snapshot #38360
Snapshot #38370
Snapshot #38380
Snapshot #38390
Snapshot #38400
Snapshot #38410
Snapshot #38420
Snapshot #38430
Snapshot #38440
Snapshot #38450
Snapshot #38460
Snapshot #38470
Snapshot #38480
Snapshot #38490
Snapshot #38500
Snapshot #38510
Snapshot #38520
Snapshot #38530
Snapshot #38540
Snapshot #38550
Snapshot #38560
Snapshot #38570
Snapshot #38580
Snapshot #38590
Snapshot #38600
Snapshot #38610
Snapshot #38620
Snapshot #38630
Snapshot #38640
Snapshot #38650
Snapshot #38660
Snapshot #38670
Snapshot #38680
Snapshot #38690
Snapshot #38700
Snapshot #38710
Snapshot #38720
Snapshot #38730
Snapshot #38740
Snapshot #38750
Snapshot #38760
Snapshot #38770
Snapshot #38780
Snapshot #38790
Snapshot #38800
Snapshot #38810
Snapshot #38820
Snapshot #38830
Snapshot #38840
Snapshot #38850
Snapshot #38860
Snapshot #38870
Snapshot #38880
Snapshot #38890
Snapshot #38900
Snapshot #38910
Snapshot #38920
Snapshot #38930
Snapshot #38940
Snapshot #38950
Snapshot #38960
Snapshot #38970
Snapshot #38980
Snapshot #38990
Snapshot #39000
Snapshot #39010
Snapshot #39020
Snapshot #39030
Snapshot #39040
Snapshot #39050
Snapshot #39060
Snapshot #39070
Snapshot #39080
Snapshot #39090
Snapshot #39100
Snapshot #39110
Snapshot #39120
Snapshot #39130
Snapshot #39140
Snapshot #39150
Snapshot #39160
Snapshot #39170
Snapshot #39180
Snapshot #39190
Snapshot #39200
Snapshot #39210
Snapshot #39220
Snapshot #39230
Snapshot #39240
Snapshot #39250
Snapshot #39260
Snapshot #39270
Snapshot #39280
Snapshot #39290
Snapshot #39300
Snapshot #39310
Snapshot #39320
Snapshot #39330
Snapshot #39340
Snapshot #39350
Snapshot #39360
Snapshot #39370
Snapshot #39380
Snapshot #39390
Snapshot #39400
Snapshot #39410
Snapshot #39420
Snapshot #39430
Snapshot #39440
Snapshot #39450
Snapshot #39460
Snapshot #39470
Snapshot #39480
Snapshot #39490
Snapshot #39500
Snapshot #39510
Snapshot #39520
Snapshot #39530
Snapshot #39540
Snapshot #39550
Snapshot #39560
Snapshot #39570
Snapshot #39580
Snapshot #39590
Snapshot #39600
Snapshot #39610
Snapshot #39620
Snapshot #39630
Snapshot #39640
Snapshot #39650
Snapshot #39660
Snapshot #39670
Snapshot #39680
Snapshot #39690
Snapshot #39700
Snapshot #39710
Snapshot #39720
Snapshot #39730
Snapshot #39740
Snapshot #39750
Snapshot #39760
Snapshot #39770
Snapshot #39780
Snapshot #39790
Snapshot #39800
Snapshot #39810
Snapshot #39820
Snapshot #39830
Snapshot #39840
Snapshot #39850
Snapshot #39860
Snapshot #39870
Snapshot #39880
Snapshot #39890
Snapshot #39900
Snapshot #39910
Snapshot #39920
Snapshot #39930
Snapshot #39940
Snapshot #39950
Snapshot #39960
Snapshot #39970
Snapshot #39980
Snapshot #39990
Snapshot #40000
Snapshot #40010
Snapshot #40020
Snapshot #40030
Snapshot #40040
Snapshot #40050
Snapshot #40060
Snapshot #40070
Snapshot #40080
Snapshot #40090
Snapshot #40100
Snapshot #40110
Snapshot #40120
Snapshot #40130
Snapshot #40140
Snapshot #40150
Snapshot #40160
Snapshot #40170
Snapshot #40180
Snapshot #40190
Snapshot #40200
Snapshot #40210
Snapshot #40220
Snapshot #40230
Snapshot #40240
Snapshot #40250
Snapshot #40260
Snapshot #40270
Snapshot #40280
Snapshot #40290
Snapshot #40300
Snapshot #40310
Snapshot #40320
Snapshot #40330
Snapshot #40340
Snapshot #40350
Snapshot #40360
Snapshot #40370
Snapshot #40380
Snapshot #40390
Snapshot #40400
Snapshot #40410
Snapshot #40420
Snapshot #40430
Snapshot #40440
Snapshot #40450
Snapshot #40460
Snapshot #40470
Snapshot #40480
Snapshot #40490
Snapshot #40500
Snapshot #40510
Snapshot #40520
Snapshot #40530
Snapshot #40540
Snapshot #40550
Snapshot #40560
Snapshot #40570
Snapshot #40580
Snapshot #40590
Snapshot #40600
Snapshot #40610
Snapshot #40620
Snapshot #40630
Snapshot #40640
Snapshot #40650
Snapshot #40660
Snapshot #40670
Snapshot #40680
Snapshot #40690
Snapshot #40700
Snapshot #40710
Snapshot #40720
Snapshot #40730
Snapshot #40740
Snapshot #40750
Snapshot #40760
Snapshot #40770
Snapshot #40780
Snapshot #40790
Snapshot #40800
Snapshot #40810
Snapshot #40820
Snapshot #40830
Snapshot #40840
Snapshot #40850
Snapshot #40860
Snapshot #40870
Snapshot #40880
Snapshot #40890
Snapshot #40900
Snapshot #40910
Snapshot #40920
Snapshot #40930
Snapshot #40940
Snapshot #40950
Snapshot #40960
Snapshot #40970
Snapshot #40980
Snapshot #40990
Snapshot #41000
Snapshot #41010
Snapshot #41020
Snapshot #41030
Snapshot #41040
Snapshot #41050
Snapshot #41060
Snapshot #41070
Snapshot #41080
Snapshot #41090
Snapshot #41100
Snapshot #41110
Snapshot #41120
Snapshot #41130
Snapshot #41140
Snapshot #41150
Snapshot #41160
Snapshot #41170
Snapshot #41180
Snapshot #41190
Snapshot #41200
Snapshot #41210
Snapshot #41220
Snapshot #41230
Snapshot #41240
Snapshot #41250
Snapshot #41260
Snapshot #41270
Snapshot #41280
Snapshot #41290
Snapshot #41300
Snapshot #41310
Snapshot #41320
Snapshot #41330
Snapshot #41340
Snapshot #41350
Snapshot #41360
Snapshot #41370
Snapshot #41380
Snapshot #41390
Snapshot #41400
Snapshot #41410
Snapshot #41420
Snapshot #41430
Snapshot #41440
Snapshot #41450
Snapshot #41460
Snapshot #41470
Snapshot #41480
Snapshot #41490
Snapshot #41500
Snapshot #41510
Snapshot #41520
Snapshot #41530
Snapshot #41540
Snapshot #41550
Snapshot #41560
Snapshot #41570
Snapshot #41580
Snapshot #41590
Snapshot #41600
Snapshot #41610
Snapshot #41620
Snapshot #41630
Snapshot #41640
Snapshot #41650
Snapshot #41660
Snapshot #41670
Snapshot #41680
Snapshot #41690
Snapshot #41700
Snapshot #41710
Snapshot #41720
Snapshot #41730
Snapshot #41740
Snapshot #41750
Snapshot #41760
Snapshot #41770
Snapshot #41780
Snapshot #41790
Snapshot #41800
Snapshot #41810
Snapshot #41820
Snapshot #41830
Snapshot #41840
Snapshot #41850
Snapshot #41860
Snapshot #41870
Snapshot #41880
Snapshot #41890
Snapshot #41900
Snapshot #41910
Snapshot #41920
Snapshot #41930
Snapshot #41940
Snapshot #41950
Snapshot #41960
Snapshot #41970
Snapshot #41980
Snapshot #41990
Snapshot #42000
Snapshot #42010
Snapshot #42020
Snapshot #42030
Snapshot #42040
Snapshot #42050
Snapshot #42060
Snapshot #42070
Snapshot #42080
Snapshot #42090
Snapshot #42100
Snapshot #42110
Snapshot #42120
Snapshot #42130
Snapshot #42140
Snapshot #42150
Snapshot #42160
Snapshot #42170
Snapshot #42180
Snapshot #42190
Snapshot #42200
Snapshot #42210
Snapshot #42220
Snapshot #42230
Snapshot #42240
Snapshot #42250
Snapshot #42260
Snapshot #42270
Snapshot #42280
Snapshot #42290
Snapshot #42300
Snapshot #42310
Snapshot #42320
Snapshot #42330
Snapshot #42340
Snapshot #42350
Snapshot #42360
Snapshot #42370
Snapshot #42380
Snapshot #42390
Snapshot #42400
Snapshot #42410
Snapshot #42420
Snapshot #42430
Snapshot #42440
Snapshot #42450
Snapshot #42460
Snapshot #42470
Snapshot #42480
Snapshot #42490
Snapshot #42500
Snapshot #42510
Snapshot #42520
Snapshot #42530
Snapshot #42540
Snapshot #42550
Snapshot #42560
Snapshot #42570
Snapshot #42580
Snapshot #42590
Snapshot #42600
Snapshot #42610
Snapshot #42620
Snapshot #42630
Snapshot #42640
Snapshot #42650
Snapshot #42660
Snapshot #42670
Snapshot #42680
Snapshot #42690
Snapshot #42700
Snapshot #42710
Snapshot #42720
Snapshot #42730
Snapshot #42740
Snapshot #42750
Snapshot #42760
Snapshot #42770
Snapshot #42780
Snapshot #42790
Snapshot #42800
Snapshot #42810
Snapshot #42820
Snapshot #42830
Snapshot #42840
Snapshot #42850
Snapshot #42860
Snapshot #42870
Snapshot #42880
Snapshot #42890
Snapshot #42900
Snapshot #42910
Snapshot #42920
Snapshot #42930
Snapshot #42940
Snapshot #42950
Snapshot #42960
Snapshot #42970
Snapshot #42980
Snapshot #42990
Snapshot #43000
Snapshot #43010
Snapshot #43020
Snapshot #43030
Snapshot #43040
Snapshot #43050
Snapshot #43060
Snapshot #43070
Snapshot #43080
Snapshot #43090
Snapshot #43100
Snapshot #43110
Snapshot #43120
Snapshot #43130
Snapshot #43140
Snapshot #43150
Snapshot #43160
Snapshot #43170
Snapshot #43180
Snapshot #43190
Snapshot #43200
Snapshot #43210
Snapshot #43220
Snapshot #43230
Snapshot #43240
Snapshot #43250
Snapshot #43260
Snapshot #43270
Snapshot #43280
Snapshot #43290
Snapshot #43300
Snapshot #43310
Snapshot #43320
Snapshot #43330
Snapshot #43340
Snapshot #43350
Snapshot #43360
Snapshot #43370
Snapshot #43380
Snapshot #43390
Snapshot #43400
Snapshot #43410
Snapshot #43420
Snapshot #43430
Snapshot #43440
Snapshot #43450
Snapshot #43460
Snapshot #43470
Snapshot #43480
Snapshot #43490
Snapshot #43500
Snapshot #43510
Snapshot #43520
Snapshot #43530
Snapshot #43540
Snapshot #43550
Snapshot #43560
Snapshot #43570
Snapshot #43580
Snapshot #43590
Snapshot #43600
Snapshot #43610
Snapshot #43620
Snapshot #43630
Snapshot #43640
Snapshot #43650
Snapshot #43660
Snapshot #43670
Snapshot #43680
Snapshot #43690
Snapshot #43700
Snapshot #43710
Snapshot #43720
Snapshot #43730
Snapshot #43740
Snapshot #43750
Snapshot #43760
Snapshot #43770
Snapshot #43780
Snapshot #43790
Snapshot #43800
Snapshot #43810
Snapshot #43820
Snapshot #43830
Snapshot #43840
Snapshot #43850
Snapshot #43860
Snapshot #43870
Snapshot #43880
Snapshot #43890
Snapshot #43900
Snapshot #43910
Snapshot #43920
Snapshot #43930
Snapshot #43940
Snapshot #43950
Snapshot #43960
Snapshot #43970
Snapshot #43980
Snapshot #43990
Snapshot #44000
Snapshot #44010
Snapshot #44020
Snapshot #44030
Snapshot #44040
Snapshot #44050
Snapshot #44060
Snapshot #44070
Snapshot #44080
Snapshot #44090
Snapshot #44100
Snapshot #44110
Snapshot #44120
Snapshot #44130
Snapshot #44140
Snapshot #44150
Snapshot #44160
Snapshot #44170
Snapshot #44180
Snapshot #44190
Snapshot #44200
Snapshot #44210
Snapshot #44220
Snapshot #44230
Snapshot #44240
Snapshot #44250
Snapshot #44260
Snapshot #44270
Snapshot #44280
Snapshot #44290
Snapshot #44300
Snapshot #44310
Snapshot #44320
Snapshot #44330
Snapshot #44340
Snapshot #44350
Snapshot #44360
Snapshot #44370
Snapshot #44380
Snapshot #44390
Snapshot #44400
Snapshot #44410
Snapshot #44420
Snapshot #44430
Snapshot #44440
Snapshot #44450
Snapshot #44460
Snapshot #44470
Snapshot #44480
Snapshot #44490
Snapshot #44500
Snapshot #44510
Snapshot #44520
Snapshot #44530
Snapshot #44540
Snapshot #44550
Snapshot #44560
Snapshot #44570
Snapshot #44580
Snapshot #44590
Snapshot #44600
Snapshot #44610
Snapshot #44620
Snapshot #44630
Snapshot #44640
Snapshot #44650
Snapshot #44660
Snapshot #44670
Snapshot #44680
Snapshot #44690
Snapshot #44700
Snapshot #44710
Snapshot #44720
Snapshot #44730
Snapshot #44740
Snapshot #44750
Snapshot #44760
Snapshot #44770
Snapshot #44780
Snapshot #44790
Snapshot #44800
Snapshot #44810
Snapshot #44820
Snapshot #44830
Snapshot #44840
Snapshot #44850
Snapshot #44860
Snapshot #44870
Snapshot #44880
Snapshot #44890
Snapshot #44900
Snapshot #44910
Snapshot #44920
Snapshot #44930
Snapshot #44940
Snapshot #44950
Snapshot #44960
Snapshot #44970
Snapshot #44980
Snapshot #44990
Snapshot #45000
Snapshot #45010
Snapshot #45020
Snapshot #45030
Snapshot #45040
Snapshot #45050
Snapshot #45060
Snapshot #45070
Snapshot #45080
Snapshot #45090
Snapshot #45100
Snapshot #45110
Snapshot #45120
Snapshot #45130
Snapshot #45140
Snapshot #45150
Snapshot #45160
Snapshot #45170
Snapshot #45180
Snapshot #45190
Snapshot #45200
Snapshot #45210
Snapshot #45220
Snapshot #45230
Snapshot #45240
Snapshot #45250
Snapshot #45260
Snapshot #45270
Snapshot #45280
Snapshot #45290
Snapshot #45300
Snapshot #45310
Snapshot #45320
Snapshot #45330
Snapshot #45340
Snapshot #45350
Snapshot #45360
Snapshot #45370
Snapshot #45380
Snapshot #45390
Snapshot #45400
Snapshot #45410
Snapshot #45420
Snapshot #45430
Snapshot #45440
Snapshot #45450
Snapshot #45460
Snapshot #45470
Snapshot #45480
Snapshot #45490
Snapshot #45500
Snapshot #45510
Snapshot #45520
Snapshot #45530
Snapshot #45540
Snapshot #45550
Snapshot #45560
Snapshot #45570
Snapshot #45580
Snapshot #45590
Snapshot #45600
Snapshot #45610
Snapshot #45620
Snapshot #45630
Snapshot #45640
Snapshot #45650
Snapshot #45660
Snapshot #45670
Snapshot #45680
Snapshot #45690
Snapshot #45700
Snapshot #45710
Snapshot #45720
Snapshot #45730
Snapshot #45740
Snapshot #45750
Snapshot #45760
Snapshot #45770
Snapshot #45780
Snapshot #45790
Snapshot #45800
Snapshot #45810
Snapshot #45820
Snapshot #45830
Snapshot #45840
Snapshot #45850
Snapshot #45860
Snapshot #45870
Snapshot #45880
Snapshot #45890
Snapshot #45900
Snapshot #45910
Snapshot #45920
Snapshot #45930
Snapshot #45940
Snapshot #45950
Snapshot #45960
Snapshot #45970
Snapshot #45980
Snapshot #45990
Snapshot #46000
Snapshot #46010
Snapshot #46020
Snapshot #46030
Snapshot #46040
Snapshot #46050
Snapshot #46060
Snapshot #46070
Snapshot #46080
Snapshot #46090
Snapshot #46100
Snapshot #46110
Snapshot #46120
Snapshot #46130
Snapshot #46140
Snapshot #46150
Snapshot #46160
Snapshot #46170
Snapshot #46180
Snapshot #46190
Snapshot #46200
Snapshot #46210
Snapshot #46220
Snapshot #46230
Snapshot #46240
Snapshot #46250
Snapshot #46260
Snapshot #46270
Snapshot #46280
Snapshot #46290
Snapshot #46300
Snapshot #46310
Snapshot #46320
Snapshot #46330
Snapshot #46340
Snapshot #46350
Snapshot #46360
Snapshot #46370
Snapshot #46380
Snapshot #46390
Snapshot #46400
Snapshot #46410
Snapshot #46420
Snapshot #46430
Snapshot #46440
Snapshot #46450
Snapshot #46460
Snapshot #46470
Snapshot #46480
Snapshot #46490
Snapshot #46500
Snapshot #46510
Snapshot #46520
Snapshot #46530
Snapshot #46540
Snapshot #46550
Snapshot #46560
Snapshot #46570
Snapshot #46580
Snapshot #46590
Snapshot #46600
Snapshot #46610
Snapshot #46620
Snapshot #46630
Snapshot #46640
Snapshot #46650
Snapshot #46660
Snapshot #46670
Snapshot #46680
Snapshot #46690
Snapshot #46700
Snapshot #46710
Snapshot #46720
Snapshot #46730
Snapshot #46740
Snapshot #46750
Snapshot #46760
Snapshot #46770
Snapshot #46780
Snapshot #46790
Snapshot #46800
Snapshot #46810
Snapshot #46820
Snapshot #46830
Snapshot #46840
Snapshot #46850
Snapshot #46860
Snapshot #46870
Snapshot #46880
Snapshot #46890
Snapshot #46900
Snapshot #46910
Snapshot #46920
Snapshot #46930
Snapshot #46940
Snapshot #46950
Snapshot #46960
Snapshot #46970
Snapshot #46980
Snapshot #46990
Snapshot #47000
Snapshot #47010
Snapshot #47020
Snapshot #47030
Snapshot #47040
Snapshot #47050
Snapshot #47060
Snapshot #47070
Snapshot #47080
Snapshot #47090
Snapshot #47100
Snapshot #47110
Snapshot #47120
Snapshot #47130
Snapshot #47140
Snapshot #47150
Snapshot #47160
Snapshot #47170
Snapshot #47180
Snapshot #47190
Snapshot #47200
Snapshot #47210
Snapshot #47220
Snapshot #47230
Snapshot #47240
Snapshot #47250
Snapshot #47260
Snapshot #47270
Snapshot #47280
Snapshot #47290
Snapshot #47300
Snapshot #47310
Snapshot #47320
Snapshot #47330
Snapshot #47340
Snapshot #47350
Snapshot #47360
Snapshot #47370
Snapshot #47380
Snapshot #47390
Snapshot #47400
Snapshot #47410
Snapshot #47420
Snapshot #47430
Snapshot #47440
Snapshot #47450
Snapshot #47460
Snapshot #47470
Snapshot #47480
Snapshot #47490
Snapshot #47500
Snapshot #47510
Snapshot #47520
Snapshot #47530
Snapshot #47540
Snapshot #47550
Snapshot #47560
Snapshot #47570
Snapshot #47580
Snapshot #47590
Snapshot #47600
Snapshot #47610
Snapshot #47620
Snapshot #47630
Snapshot #47640
Snapshot #47650
Snapshot #47660
Snapshot #47670
Snapshot #47680
Snapshot #47690
Snapshot #47700
Snapshot #47710
Snapshot #47720
Snapshot #47730
Snapshot #47740
Snapshot #47750
Snapshot #47760
Snapshot #47770
Snapshot #47780
Snapshot #47790
Snapshot #47800
Snapshot #47810
Snapshot #47820
Snapshot #47830
Snapshot #47840
Snapshot #47850
Snapshot #47860
Snapshot #47870
Snapshot #47880
Snapshot #47890
Snapshot #47900
Snapshot #47910
Snapshot #47920
Snapshot #47930
Snapshot #47940
Snapshot #47950
Snapshot #47960
Snapshot #47970
Snapshot #47980
Snapshot #47990
Snapshot #48000
Snapshot #48010
Snapshot #48020
Snapshot #48030
Snapshot #48040
Snapshot #48050
Snapshot #48060
Snapshot #48070
Snapshot #48080
Snapshot #48090
Snapshot #48100
Snapshot #48110
Snapshot #48120
Snapshot #48130
Snapshot #48140
Snapshot #48150
Snapshot #48160
Snapshot #48170
Snapshot #48180
Snapshot #48190
Snapshot #48200
Snapshot #48210
Snapshot #48220
Snapshot #48230
Snapshot #48240
Snapshot #48250
Snapshot #48260
Snapshot #48270
Snapshot #48280
Snapshot #48290
Snapshot #48300
Snapshot #48310
Snapshot #48320
Snapshot #48330
Snapshot #48340
Snapshot #48350
Snapshot #48360
Snapshot #48370
Snapshot #48380
Snapshot #48390
Snapshot #48400
Snapshot #48410
Snapshot #48420
Snapshot #48430
Snapshot #48440
Snapshot #48450
Snapshot #48460
Snapshot #48470
Snapshot #48480
Snapshot #48490
Snapshot #48500
Snapshot #48510
Snapshot #48520
Snapshot #48530
Snapshot #48540
Snapshot #48550
Snapshot #48560
Snapshot #48570
Snapshot #48580
Snapshot #48590
Snapshot #48600
Snapshot #48610
Snapshot #48620
Snapshot #48630
Snapshot #48640
Snapshot #48650
Snapshot #48660
Snapshot #48670
Snapshot #48680
Snapshot #48690
Snapshot #48700
Snapshot #48710
Snapshot #48720
Snapshot #48730
Snapshot #48740
Snapshot #48750
Snapshot #48760
Snapshot #48770
Snapshot #48780
Snapshot #48790
Snapshot #48800
Snapshot #48810
Snapshot #48820
Snapshot #48830
Snapshot #48840
Snapshot #48850
Snapshot #48860
Snapshot #48870
Snapshot #48880
Snapshot #48890
Snapshot #48900
Snapshot #48910
Snapshot #48920
Snapshot #48930
Snapshot #48940
Snapshot #48950
Snapshot #48960
Snapshot #48970
Snapshot #48980
Snapshot #48990
Snapshot #49000
Snapshot #49010
Snapshot #49020
Snapshot #49030
Snapshot #49040
Snapshot #49050
Snapshot #49060
Snapshot #49070
Snapshot #49080
Snapshot #49090
Snapshot #49100
Snapshot #49110
Snapshot #49120
Snapshot #49130
Snapshot #49140
Snapshot #49150
Snapshot #49160
Snapshot #49170
Snapshot #49180
Snapshot #49190
Snapshot #49200
Snapshot #49210
Snapshot #49220
Snapshot #49230
Snapshot #49240
Snapshot #49250
Snapshot #49260
Snapshot #49270
Snapshot #49280
Snapshot #49290
Snapshot #49300
Snapshot #49310
Snapshot #49320
Snapshot #49330
Snapshot #49340
Snapshot #49350
Snapshot #49360
Snapshot #49370
Snapshot #49380
Snapshot #49390
Snapshot #49400
Snapshot #49410
Snapshot #49420
Snapshot #49430
Snapshot #49440
Snapshot #49450
Snapshot #49460
Snapshot #49470
Snapshot #49480
Snapshot #49490
Snapshot #49500
Snapshot #49510
Snapshot #49520
Snapshot #49530
Snapshot #49540
Snapshot #49550
Snapshot #49560
Snapshot #49570
Snapshot #49580
Snapshot #49590
Snapshot #49600
Snapshot #49610
Snapshot #49620
Snapshot #49630
Snapshot #49640
Snapshot #49650
Snapshot #49660
Snapshot #49670
Snapshot #49680
Snapshot #49690
Snapshot #49700
Snapshot #49710
Snapshot #49720
Snapshot #49730
Snapshot #49740
Snapshot #49750
Snapshot #49760
Snapshot #49770
Snapshot #49780
Snapshot #49790
Snapshot #49800
Snapshot #49810
Snapshot #49820
Snapshot #49830
Snapshot #49840
Snapshot #49850
Snapshot #49860
Snapshot #49870
Snapshot #49880
Snapshot #49890
Snapshot #49900
Snapshot #49910
Snapshot #49920
Snapshot #49930
Snapshot #49940
Snapshot #49950
Snapshot #49960
Snapshot #49970
Snapshot #49980
Snapshot #49990
Snapshot #50000
FINISHED!
Elapsed time: 00 h 32 min 17 seg
